#
# A fatal error has been detected by the Java Runtime Environment:
#
#  SIGSEGV (0xb) at pc=0x00007fe99ccf935a, pid=117989, tid=118036
#
# JRE version: OpenJDK Runtime Environment AdoptOpenJDK-11.0.11+9 (11.0.11+9) (build 11.0.11+9)
# Java VM: OpenJDK 64-Bit Server VM AdoptOpenJDK-11.0.11+9 (11.0.11+9, mixed mode, tiered, compressed oops, g1 gc, linux-amd64)
# Problematic frame:
# V  [libjvm.so+0xe7635a]  SymbolTable::possibly_parallel_unlink(int*, int*)+0xca
#
# Core dump will be written. Default location: Core dumps may be processed with "/usr/share/apport/apport %p %s %c %d %P %E" (or dumping to /home/brad/AndroidStudioProjects/TBCAuctionHouseViewer/core.117989)
#
# If you would like to submit a bug report, please visit:
#   https://github.com/AdoptOpenJDK/openjdk-support/issues
#

---------------  S U M M A R Y ------------

Command Line: --add-opens=java.base/java.util=ALL-UNNAMED --add-opens=java.base/java.lang=ALL-UNNAMED --add-opens=java.base/java.lang.invoke=ALL-UNNAMED --add-opens=java.base/java.util=ALL-UNNAMED --add-opens=java.prefs/java.util.prefs=ALL-UNNAMED --add-opens=java.prefs/java.util.prefs=ALL-UNNAMED --add-opens=java.base/java.nio.charset=ALL-UNNAMED --add-opens=java.base/java.net=ALL-UNNAMED --add-opens=java.base/java.util.concurrent.atomic=ALL-UNNAMED -Xmx2048m -Dfile.encoding=UTF-8 -Duser.country=US -Duser.language=en -Duser.variant org.gradle.launcher.daemon.bootstrap.GradleDaemon 7.0.2

Host: Intel(R) Core(TM) i7-2600K CPU @ 3.40GHz, 8 cores, 15G, Ubuntu 20.04.3 LTS
Time: Fri Aug 27 01:49:42 2021 EDT elapsed time: 1.266742 seconds (0d 0h 0m 1s)

---------------  T H R E A D  ---------------

Current thread (0x00007fe9600f3000):  GCTaskThread "GC Thread#6" [stack: 0x00007fe91b0db000,0x00007fe91b1db000] [id=118036]

Stack: [0x00007fe91b0db000,0x00007fe91b1db000],  sp=0x00007fe91b1d9c80,  free space=1019k
Native frames: (J=compiled Java code, A=aot compiled Java code, j=interpreted, Vv=VM code, C=native code)
V  [libjvm.so+0xe7635a]  SymbolTable::possibly_parallel_unlink(int*, int*)+0xca
V  [libjvm.so+0x7a6793]  G1ParallelCleaningTask::work(unsigned int)+0x583
V  [libjvm.so+0xf6081d]  GangWorker::loop()+0x4d
V  [libjvm.so+0xec2bbf]  Thread::call_run()+0x14f
V  [libjvm.so+0xc62e2e]  thread_native_entry(Thread*)+0xee


siginfo: si_signo: 11 (SIGSEGV), si_code: 1 (SEGV_MAPERR), si_addr: 0x00007fe9d87d367a

Register to memory mapping:

RAX=0x00007fe99417d950 points into unknown readable memory: 0x0000000000000069 | 69 00 00 00 00 00 00 00
RBX=0x0000000000000348 is an unknown value
RCX=0x00007fe9987d5358 points into unknown readable memory: 0x00007fe9954147d8 | d8 47 41 95 e9 7f 00 00
RDX=0x000000000000ffff is an unknown value
RSP=0x00007fe91b1d9c80 points into unknown readable memory: 0x000000000000008f | 8f 00 00 00 00 00 00 00
RBP=0x00007fe91b1d9cf0 points into unknown readable memory: 0x00007fe91b1d9e00 | 00 9e 1d 1b e9 7f 00 00
RSI=0x0000000000004e2b is an unknown value
RDI=0x00007fe9d87d3678 is an unknown value
R8 =0x00007fe97ce09000 points into unknown readable memory: 0x0000000000000009 | 09 00 00 00 00 00 00 00
R9 =0x00007fe97d0f0208 is at entry_point+-56 in (nmethod*)0x00007fe97d0f0090
R10=0x0 is NULL
R11=
[error occurred during error reporting (printing register info), id 0xb, SIGSEGV (0xb) at pc=0x00007fe99c61cfb0]

Registers:
RAX=0x00007fe99417d950, RBX=0x0000000000000348, RCX=0x00007fe9987d5358, RDX=0x000000000000ffff
RSP=0x00007fe91b1d9c80, RBP=0x00007fe91b1d9cf0, RSI=0x0000000000004e2b, RDI=0x00007fe9d87d3678
R8 =0x00007fe97ce09000, R9 =0x00007fe97d0f0208, R10=0x0000000000000000, R11=0x00000000ffffffff
R12=0x00007fe91b1d9ca0, R13=0x0000000000000400, R14=0x00007fe9942d6200, R15=0x00007fe9941e7200
RIP=0x00007fe99ccf935a, EFLAGS=0x0000000000010202, CSGSFS=0x002b000000000033, ERR=0x0000000000000004
  TRAPNO=0x000000000000000e

Top of Stack: (sp=0x00007fe91b1d9c80)
0x00007fe91b1d9c80:   000000000000008f 00007fe91b1d9d50
0x00007fe91b1d9c90:   00007fe91b1d9d4c 00004e2b9c4fcd18
0x00007fe91b1d9ca0:   000000000000002c 0000000000000000
0x00007fe91b1d9cb0:   0000000000000000 00000000000009ea 

Instructions: (pc=0x00007fe99ccf935a)
0x00007fe99ccf925a:   fe 49 89 07 e8 cd 8f 9d ff 4d 8b 37 49 83 e6 fe
0x00007fe99ccf926a:   0f 85 60 ff ff ff 48 83 c3 08 48 8b 3d bd 7e 71
0x00007fe99ccf927a:   00 49 39 dd 0f 85 34 ff ff ff eb 8a 66 2e 0f 1f
0x00007fe99ccf928a:   84 00 00 00 00 00 55 48 89 e5 41 57 41 56 41 55
0x00007fe99ccf929a:   41 54 4c 8d 65 b0 53 48 83 ec 48 48 8b 05 8c 7e
0x00007fe99ccf92aa:   71 00 48 89 7d a0 48 89 75 98 8b 00 48 c7 45 b0
0x00007fe99ccf92ba:   00 00 00 00 48 c7 45 b8 00 00 00 00 48 c7 45 c0
0x00007fe99ccf92ca:   00 00 00 00 89 45 ac 0f 1f 80 00 00 00 00 b8 20
0x00007fe99ccf92da:   00 00 00 48 8d 1d fc 7d 71 00 f0 0f c1 03 8b 75
0x00007fe99ccf92ea:   ac 8d 50 20 39 f0 0f 8d c0 00 00 00 39 d6 0f 4e
0x00007fe99ccf92fa:   d6 39 d0 7d d9 48 63 c8 f7 d0 01 d0 48 8d 1c cd
0x00007fe99ccf930a:   00 00 00 00 4c 8d 6c 01 01 49 c1 e5 03 66 0f 1f
0x00007fe99ccf931a:   84 00 00 00 00 00 48 8b 05 11 7e 71 00 48 8b 48
0x00007fe99ccf932a:   08 48 01 d9 49 89 ce 4c 8b 39 4d 85 ff 74 37 0f
0x00007fe99ccf933a:   1f 80 00 00 00 00 49 8b 47 08 a8 01 74 0a 8b 15
0x00007fe99ccf934a:   86 72 6f 00 85 d2 74 1e 49 8b 7f 10 83 45 b0 01
0x00007fe99ccf935a:   0f b7 57 02 66 85 d2 74 1d 48 83 e0 fe 4d 8d 77
0x00007fe99ccf936a:   08 49 89 c7 75 d0 48 83 c3 08 4c 39 eb 75 a7 e9
0x00007fe99ccf937a:   5a ff ff ff 66 90 e8 5b d9 ff ff 49 8b 47 08 4c
0x00007fe99ccf938a:   89 fe 4c 89 e7 48 83 e0 fe 49 89 06 e8 95 8e 9d
0x00007fe99ccf939a:   ff 4d 8b 3e 49 83 e7 fe 75 9c 48 83 c3 08 4c 39
0x00007fe99ccf93aa:   eb 0f 85 6f ff ff ff e9 22 ff ff ff 48 8b 3d 7b
0x00007fe99ccf93ba:   7d 71 00 4c 89 e6 e8 eb 8b 9d ff 48 8b 5d a0 8b
0x00007fe99ccf93ca:   45 b0 8b 55 b4 89 03 48 8b 5d 98 89 13 48 8d 15
0x00007fe99ccf93da:   06 7d 71 00 f0 0f c1 02 48 8d 15 ff 7c 71 00 8b
0x00007fe99ccf93ea:   45 b4 f0 0f c1 02 48 83 c4 48 5b 41 5c 41 5d 41
0x00007fe99ccf93fa:   5e 41 5f 5d c3 90 55 48 89 e5 41 55 41 54 53 48
0x00007fe99ccf940a:   83 ec 38 48 8d 05 86 6e 6f 00 80 38 00 0f 85 13
0x00007fe99ccf941a:   01 00 00 31 d2 be 09 00 00 00 bf 30 00 00 00 e8
0x00007fe99ccf942a:   12 60 5b ff 48 85 c0 48 89 c3 0f 84 bd 00 00 00
0x00007fe99ccf943a:   48 8d 05 77 e7 6a 00 4c 8d 2d d0 73 6c 00 48 c7
0x00007fe99ccf944a:   43 10 00 00 00 00 c7 43 2c 00 00 00 00 c7 43 28 


Stack slot to memory mapping:
stack at sp + 0 slots: 0x000000000000008f is an unknown value
stack at sp + 1 slots: 0x00007fe91b1d9d50 points into unknown readable memory: 0x00007fe900000000 | 00 00 00 00 e9 7f 00 00
stack at sp + 2 slots: 0x00007fe91b1d9d4c points into unknown readable memory: 00 00 00 00
stack at sp + 3 slots: 0x00004e2b9c4fcd18 is an unknown value
stack at sp + 4 slots: 0x000000000000002c is an unknown value
stack at sp + 5 slots: 0x0 is NULL
stack at sp + 6 slots: 0x0 is NULL
stack at sp + 7 slots: 0x00000000000009ea is an unknown value


---------------  P R O C E S S  ---------------

Threads class SMR info:
_java_thread_list=0x00007fe9004d7e60, length=22, elements={
0x00007fe994028800, 0x00007fe9941d2000, 0x00007fe9941d6000, 0x00007fe9941eb000,
0x00007fe9941ed000, 0x00007fe9941ef000, 0x00007fe9941f1000, 0x00007fe9941f3000,
0x00007fe9942b8800, 0x00007fe995492000, 0x00007fe9958f6800, 0x00007fe995918000,
0x00007fe920018000, 0x00007fe910004000, 0x00007fe910007000, 0x00007fe910009000,
0x00007fe90000a800, 0x00007fe90000e000, 0x00007fe900016800, 0x00007fe90043e000,
0x00007fe900446000, 0x00007fe9004d7000
}

Java Threads: ( => current thread )
  0x00007fe994028800 JavaThread "main" [_thread_blocked, id=117990, stack(0x00007fe99bc33000,0x00007fe99bd34000)]
  0x00007fe9941d2000 JavaThread "Reference Handler" daemon [_thread_blocked, id=118000, stack(0x00007fe9984f6000,0x00007fe9985f7000)]
  0x00007fe9941d6000 JavaThread "Finalizer" daemon [_thread_blocked, id=118001, stack(0x00007fe9983f5000,0x00007fe9984f6000)]
  0x00007fe9941eb000 JavaThread "Signal Dispatcher" daemon [_thread_blocked, id=118002, stack(0x00007fe9982f4000,0x00007fe9983f5000)]
  0x00007fe9941ed000 JavaThread "Service Thread" daemon [_thread_blocked, id=118003, stack(0x00007fe9981f3000,0x00007fe9982f4000)]
  0x00007fe9941ef000 JavaThread "C2 CompilerThread0" daemon [_thread_blocked, id=118004, stack(0x00007fe9980f2000,0x00007fe9981f3000)]
  0x00007fe9941f1000 JavaThread "C1 CompilerThread0" daemon [_thread_blocked, id=118005, stack(0x00007fe97c207000,0x00007fe97c308000)]
  0x00007fe9941f3000 JavaThread "Sweeper thread" daemon [_thread_blocked, id=118006, stack(0x00007fe97c106000,0x00007fe97c207000)]
  0x00007fe9942b8800 JavaThread "Common-Cleaner" daemon [_thread_blocked, id=118007, stack(0x00007fe97c005000,0x00007fe97c106000)]
  0x00007fe995492000 JavaThread "Daemon health stats" [_thread_blocked, id=118020, stack(0x00007fe968683000,0x00007fe968784000)]
  0x00007fe9958f6800 JavaThread "Incoming local TCP Connector on port 39387" [_thread_in_native, id=118021, stack(0x00007fe96817f000,0x00007fe968280000)]
  0x00007fe995918000 JavaThread "Daemon periodic checks" [_thread_blocked, id=118022, stack(0x00007fe96807e000,0x00007fe96817f000)]
  0x00007fe920018000 JavaThread "Daemon" [_thread_blocked, id=118023, stack(0x00007fe91beff000,0x00007fe91c000000)]
  0x00007fe910004000 JavaThread "Handler for socket connection from /127.0.0.1:39387 to /127.0.0.1:41264" [_thread_in_native, id=118024, stack(0x00007fe91bdfe000,0x00007fe91beff000)]
  0x00007fe910007000 JavaThread "Cancel handler" [_thread_blocked, id=118025, stack(0x00007fe91bafd000,0x00007fe91bbfe000)]
  0x00007fe910009000 JavaThread "Daemon worker" [_thread_blocked, id=118026, stack(0x00007fe91b7e1000,0x00007fe91b8e2000)]
  0x00007fe90000a800 JavaThread "Asynchronous log dispatcher for DefaultDaemonConnection: socket connection from /127.0.0.1:39387 to /127.0.0.1:41264" [_thread_blocked, id=118029, stack(0x00007fe91b6e0000,0x00007fe91b7e1000)]
  0x00007fe90000e000 JavaThread "Stdin handler" [_thread_blocked, id=118030, stack(0x00007fe91b5df000,0x00007fe91b6e0000)]
  0x00007fe900016800 JavaThread "Daemon client event forwarder" [_thread_blocked, id=118031, stack(0x00007fe91b4de000,0x00007fe91b5df000)]
  0x00007fe90043e000 JavaThread "Cache worker for file hash cache (/home/brad/.gradle/caches/7.0.2/fileHashes)" [_thread_blocked, id=118032, stack(0x00007fe91b3dd000,0x00007fe91b4de000)]
  0x00007fe900446000 JavaThread "File lock request listener" [_thread_in_native, id=118033, stack(0x00007fe91b2dc000,0x00007fe91b3dd000)]
  0x00007fe9004d7000 JavaThread "Cache worker for journal cache (/home/brad/.gradle/caches/journal-1)" [_thread_blocked, id=118035, stack(0x00007fe91b1db000,0x00007fe91b2dc000)]

Other Threads:
  0x00007fe9941c9800 VMThread "VM Thread" [stack: 0x00007fe9985f9000,0x00007fe9986f9000] [id=117999]
  0x00007fe9942c4000 WatcherThread [stack: 0x00007fe969f00000,0x00007fe96a000000] [id=118008]
  0x00007fe994040800 GCTaskThread "GC Thread#0" [stack: 0x00007fe99b0de000,0x00007fe99b1de000] [id=117991]
  0x00007fe960001000 GCTaskThread "GC Thread#1" [stack: 0x00007fe969199000,0x00007fe969299000] [id=118009]
  0x00007fe960002800 GCTaskThread "GC Thread#2" [stack: 0x00007fe969097000,0x00007fe969197000] [id=118010]
  0x00007fe960004800 GCTaskThread "GC Thread#3" [stack: 0x00007fe968f95000,0x00007fe969095000] [id=118011]
  0x00007fe960006000 GCTaskThread "GC Thread#4" [stack: 0x00007fe968e93000,0x00007fe968f93000] [id=118012]
  0x00007fe960008000 GCTaskThread "GC Thread#5" [stack: 0x00007fe968d91000,0x00007fe968e91000] [id=118013]
=>0x00007fe9600f3000 GCTaskThread "GC Thread#6" [stack: 0x00007fe91b0db000,0x00007fe91b1db000] [id=118036]
  0x00007fe9600f4800 GCTaskThread "GC Thread#7" [stack: 0x00007fe91afd9000,0x00007fe91b0d9000] [id=118037]
  0x00007fe994073800 ConcurrentGCThread "G1 Main Marker" [stack: 0x00007fe999b4f000,0x00007fe999c4f000] [id=117992]
  0x00007fe994075800 ConcurrentGCThread "G1 Conc#0" [stack: 0x00007fe999a4d000,0x00007fe999b4d000] [id=117993]
  0x00007fe96c001000 ConcurrentGCThread "G1 Conc#1" [stack: 0x00007fe91acd7000,0x00007fe91add7000] [id=118038]
  0x00007fe994166800 ConcurrentGCThread "G1 Refine#0" [stack: 0x00007fe999143000,0x00007fe999243000] [id=117995]
  0x00007fe994168800 ConcurrentGCThread "G1 Young RemSet Sampling" [stack: 0x00007fe999041000,0x00007fe999141000] [id=117996]

Threads with active compile tasks:
C2 CompilerThread0   1274 1356       4       java.lang.String::charAt (25 bytes)

VM state:at safepoint (normal execution)

VM Mutex/Monitor currently owned by a thread:  ([mutex/lock_event])
[0x00007fe9940257d0] Threads_lock - owner thread: 0x00007fe9941c9800
[0x00007fe994025fb0] Heap_lock - owner thread: 0x00007fe994073800

Heap address: 0x0000000080000000, size: 2048 MB, Compressed Oops mode: 32-bit
Narrow klass base: 0x0000000000000000, Narrow klass shift: 3
Compressed class space size: 1073741824 Address: 0x0000000100000000

Heap:
 garbage-first heap   total 256000K, used 16731K [0x0000000080000000, 0x0000000100000000)
  region size 1024K, 12 young (12288K), 11 survivors (11264K)
 Metaspace       used 20589K, capacity 21146K, committed 21504K, reserved 1069056K
  class space    used 2548K, capacity 2739K, committed 2816K, reserved 1048576K
Heap Regions: E=young(eden), S=young(survivor), O=old, HS=humongous(starts), HC=humongous(continues), CS=collection set, F=free, A=archive, TAMS=top-at-mark-start (previous, next)
|   0|0x0000000080000000, 0x0000000080000000, 0x0000000080100000|  0%| F|  |TAMS 0x0000000080000000, 0x0000000080000000| Untracked 
|   1|0x0000000080100000, 0x0000000080100000, 0x0000000080200000|  0%| F|  |TAMS 0x0000000080100000, 0x0000000080100000| Untracked 
|   2|0x0000000080200000, 0x0000000080200000, 0x0000000080300000|  0%| F|  |TAMS 0x0000000080200000, 0x0000000080200000| Untracked 
|   3|0x0000000080300000, 0x0000000080400000, 0x0000000080400000|100%|HS|  |TAMS 0x0000000080300000, 0x0000000080400000| Complete 
|   4|0x0000000080400000, 0x0000000080500000, 0x0000000080500000|100%|HC|  |TAMS 0x0000000080400000, 0x0000000080500000| Complete 
|   5|0x0000000080500000, 0x0000000080600000, 0x0000000080600000|100%|HC|  |TAMS 0x0000000080500000, 0x0000000080600000| Complete 
|   6|0x0000000080600000, 0x0000000080700000, 0x0000000080700000|100%| O|  |TAMS 0x0000000080600000, 0x0000000080700000| Untracked 
|   7|0x0000000080700000, 0x0000000080800000, 0x0000000080800000|100%| O|  |TAMS 0x0000000080700000, 0x0000000080800000| Untracked 
|   8|0x0000000080800000, 0x00000000808cac00, 0x0000000080900000| 79%| O|  |TAMS 0x0000000080800000, 0x00000000808cac00| Untracked 
|   9|0x0000000080900000, 0x0000000080900000, 0x0000000080a00000|  0%| F|  |TAMS 0x0000000080900000, 0x0000000080900000| Untracked 
|  10|0x0000000080a00000, 0x0000000080a00000, 0x0000000080b00000|  0%| F|  |TAMS 0x0000000080a00000, 0x0000000080a00000| Untracked 
|  11|0x0000000080b00000, 0x0000000080b00000, 0x0000000080c00000|  0%| F|  |TAMS 0x0000000080b00000, 0x0000000080b00000| Untracked 
|  12|0x0000000080c00000, 0x0000000080c00000, 0x0000000080d00000|  0%| F|  |TAMS 0x0000000080c00000, 0x0000000080c00000| Untracked 
|  13|0x0000000080d00000, 0x0000000080d00000, 0x0000000080e00000|  0%| F|  |TAMS 0x0000000080d00000, 0x0000000080d00000| Untracked 
|  14|0x0000000080e00000, 0x0000000080e00000, 0x0000000080f00000|  0%| F|  |TAMS 0x0000000080e00000, 0x0000000080e00000| Untracked 
|  15|0x0000000080f00000, 0x0000000080f00000, 0x0000000081000000|  0%| F|  |TAMS 0x0000000080f00000, 0x0000000080f00000| Untracked 
|  16|0x0000000081000000, 0x0000000081000000, 0x0000000081100000|  0%| F|  |TAMS 0x0000000081000000, 0x0000000081000000| Untracked 
|  17|0x0000000081100000, 0x0000000081100000, 0x0000000081200000|  0%| F|  |TAMS 0x0000000081100000, 0x0000000081100000| Untracked 
|  18|0x0000000081200000, 0x0000000081200000, 0x0000000081300000|  0%| F|  |TAMS 0x0000000081200000, 0x0000000081200000| Untracked 
|  19|0x0000000081300000, 0x0000000081300000, 0x0000000081400000|  0%| F|  |TAMS 0x0000000081300000, 0x0000000081300000| Untracked 
|  20|0x0000000081400000, 0x0000000081400000, 0x0000000081500000|  0%| F|  |TAMS 0x0000000081400000, 0x0000000081400000| Untracked 
|  21|0x0000000081500000, 0x0000000081500000, 0x0000000081600000|  0%| F|  |TAMS 0x0000000081500000, 0x0000000081500000| Untracked 
|  22|0x0000000081600000, 0x0000000081600000, 0x0000000081700000|  0%| F|  |TAMS 0x0000000081600000, 0x0000000081600000| Untracked 
|  23|0x0000000081700000, 0x0000000081700000, 0x0000000081800000|  0%| F|  |TAMS 0x0000000081700000, 0x0000000081700000| Untracked 
|  24|0x0000000081800000, 0x0000000081800000, 0x0000000081900000|  0%| F|  |TAMS 0x0000000081800000, 0x0000000081800000| Untracked 
|  25|0x0000000081900000, 0x0000000081900000, 0x0000000081a00000|  0%| F|  |TAMS 0x0000000081900000, 0x0000000081900000| Untracked 
|  26|0x0000000081a00000, 0x0000000081a00000, 0x0000000081b00000|  0%| F|  |TAMS 0x0000000081a00000, 0x0000000081a00000| Untracked 
|  27|0x0000000081b00000, 0x0000000081b00000, 0x0000000081c00000|  0%| F|  |TAMS 0x0000000081b00000, 0x0000000081b00000| Untracked 
|  28|0x0000000081c00000, 0x0000000081c00000, 0x0000000081d00000|  0%| F|  |TAMS 0x0000000081c00000, 0x0000000081c00000| Untracked 
|  29|0x0000000081d00000, 0x0000000081d00000, 0x0000000081e00000|  0%| F|  |TAMS 0x0000000081d00000, 0x0000000081d00000| Untracked 
|  30|0x0000000081e00000, 0x0000000081e00000, 0x0000000081f00000|  0%| F|  |TAMS 0x0000000081e00000, 0x0000000081e00000| Untracked 
|  31|0x0000000081f00000, 0x0000000081f00000, 0x0000000082000000|  0%| F|  |TAMS 0x0000000081f00000, 0x0000000081f00000| Untracked 
|  32|0x0000000082000000, 0x0000000082000000, 0x0000000082100000|  0%| F|  |TAMS 0x0000000082000000, 0x0000000082000000| Untracked 
|  33|0x0000000082100000, 0x0000000082100000, 0x0000000082200000|  0%| F|  |TAMS 0x0000000082100000, 0x0000000082100000| Untracked 
|  34|0x0000000082200000, 0x0000000082200000, 0x0000000082300000|  0%| F|  |TAMS 0x0000000082200000, 0x0000000082200000| Untracked 
|  35|0x0000000082300000, 0x0000000082300000, 0x0000000082400000|  0%| F|  |TAMS 0x0000000082300000, 0x0000000082300000| Untracked 
|  36|0x0000000082400000, 0x0000000082400000, 0x0000000082500000|  0%| F|  |TAMS 0x0000000082400000, 0x0000000082400000| Untracked 
|  37|0x0000000082500000, 0x0000000082500000, 0x0000000082600000|  0%| F|  |TAMS 0x0000000082500000, 0x0000000082500000| Untracked 
|  38|0x0000000082600000, 0x0000000082600000, 0x0000000082700000|  0%| F|  |TAMS 0x0000000082600000, 0x0000000082600000| Untracked 
|  39|0x0000000082700000, 0x0000000082700000, 0x0000000082800000|  0%| F|  |TAMS 0x0000000082700000, 0x0000000082700000| Untracked 
|  40|0x0000000082800000, 0x0000000082800000, 0x0000000082900000|  0%| F|  |TAMS 0x0000000082800000, 0x0000000082800000| Untracked 
|  41|0x0000000082900000, 0x0000000082900000, 0x0000000082a00000|  0%| F|  |TAMS 0x0000000082900000, 0x0000000082900000| Untracked 
|  42|0x0000000082a00000, 0x0000000082a00000, 0x0000000082b00000|  0%| F|  |TAMS 0x0000000082a00000, 0x0000000082a00000| Untracked 
|  43|0x0000000082b00000, 0x0000000082b00000, 0x0000000082c00000|  0%| F|  |TAMS 0x0000000082b00000, 0x0000000082b00000| Untracked 
|  44|0x0000000082c00000, 0x0000000082c00000, 0x0000000082d00000|  0%| F|  |TAMS 0x0000000082c00000, 0x0000000082c00000| Untracked 
|  45|0x0000000082d00000, 0x0000000082d00000, 0x0000000082e00000|  0%| F|  |TAMS 0x0000000082d00000, 0x0000000082d00000| Untracked 
|  46|0x0000000082e00000, 0x0000000082e00000, 0x0000000082f00000|  0%| F|  |TAMS 0x0000000082e00000, 0x0000000082e00000| Untracked 
|  47|0x0000000082f00000, 0x0000000082f00000, 0x0000000083000000|  0%| F|  |TAMS 0x0000000082f00000, 0x0000000082f00000| Untracked 
|  48|0x0000000083000000, 0x0000000083000000, 0x0000000083100000|  0%| F|  |TAMS 0x0000000083000000, 0x0000000083000000| Untracked 
|  49|0x0000000083100000, 0x0000000083100000, 0x0000000083200000|  0%| F|  |TAMS 0x0000000083100000, 0x0000000083100000| Untracked 
|  50|0x0000000083200000, 0x0000000083200000, 0x0000000083300000|  0%| F|  |TAMS 0x0000000083200000, 0x0000000083200000| Untracked 
|  51|0x0000000083300000, 0x0000000083300000, 0x0000000083400000|  0%| F|  |TAMS 0x0000000083300000, 0x0000000083300000| Untracked 
|  52|0x0000000083400000, 0x0000000083400000, 0x0000000083500000|  0%| F|  |TAMS 0x0000000083400000, 0x0000000083400000| Untracked 
|  53|0x0000000083500000, 0x0000000083500000, 0x0000000083600000|  0%| F|  |TAMS 0x0000000083500000, 0x0000000083500000| Untracked 
|  54|0x0000000083600000, 0x0000000083600000, 0x0000000083700000|  0%| F|  |TAMS 0x0000000083600000, 0x0000000083600000| Untracked 
|  55|0x0000000083700000, 0x0000000083700000, 0x0000000083800000|  0%| F|  |TAMS 0x0000000083700000, 0x0000000083700000| Untracked 
|  56|0x0000000083800000, 0x0000000083800000, 0x0000000083900000|  0%| F|  |TAMS 0x0000000083800000, 0x0000000083800000| Untracked 
|  57|0x0000000083900000, 0x0000000083900000, 0x0000000083a00000|  0%| F|  |TAMS 0x0000000083900000, 0x0000000083900000| Untracked 
|  58|0x0000000083a00000, 0x0000000083a00000, 0x0000000083b00000|  0%| F|  |TAMS 0x0000000083a00000, 0x0000000083a00000| Untracked 
|  59|0x0000000083b00000, 0x0000000083b00000, 0x0000000083c00000|  0%| F|  |TAMS 0x0000000083b00000, 0x0000000083b00000| Untracked 
|  60|0x0000000083c00000, 0x0000000083c00000, 0x0000000083d00000|  0%| F|  |TAMS 0x0000000083c00000, 0x0000000083c00000| Untracked 
|  61|0x0000000083d00000, 0x0000000083d00000, 0x0000000083e00000|  0%| F|  |TAMS 0x0000000083d00000, 0x0000000083d00000| Untracked 
|  62|0x0000000083e00000, 0x0000000083e00000, 0x0000000083f00000|  0%| F|  |TAMS 0x0000000083e00000, 0x0000000083e00000| Untracked 
|  63|0x0000000083f00000, 0x0000000083f00000, 0x0000000084000000|  0%| F|  |TAMS 0x0000000083f00000, 0x0000000083f00000| Untracked 
|  64|0x0000000084000000, 0x0000000084000000, 0x0000000084100000|  0%| F|  |TAMS 0x0000000084000000, 0x0000000084000000| Untracked 
|  65|0x0000000084100000, 0x0000000084100000, 0x0000000084200000|  0%| F|  |TAMS 0x0000000084100000, 0x0000000084100000| Untracked 
|  66|0x0000000084200000, 0x0000000084200000, 0x0000000084300000|  0%| F|  |TAMS 0x0000000084200000, 0x0000000084200000| Untracked 
|  67|0x0000000084300000, 0x0000000084300000, 0x0000000084400000|  0%| F|  |TAMS 0x0000000084300000, 0x0000000084300000| Untracked 
|  68|0x0000000084400000, 0x0000000084400000, 0x0000000084500000|  0%| F|  |TAMS 0x0000000084400000, 0x0000000084400000| Untracked 
|  69|0x0000000084500000, 0x0000000084500000, 0x0000000084600000|  0%| F|  |TAMS 0x0000000084500000, 0x0000000084500000| Untracked 
|  70|0x0000000084600000, 0x0000000084600000, 0x0000000084700000|  0%| F|  |TAMS 0x0000000084600000, 0x0000000084600000| Untracked 
|  71|0x0000000084700000, 0x0000000084700000, 0x0000000084800000|  0%| F|  |TAMS 0x0000000084700000, 0x0000000084700000| Untracked 
|  72|0x0000000084800000, 0x0000000084800000, 0x0000000084900000|  0%| F|  |TAMS 0x0000000084800000, 0x0000000084800000| Untracked 
|  73|0x0000000084900000, 0x0000000084900000, 0x0000000084a00000|  0%| F|  |TAMS 0x0000000084900000, 0x0000000084900000| Untracked 
|  74|0x0000000084a00000, 0x0000000084a00000, 0x0000000084b00000|  0%| F|  |TAMS 0x0000000084a00000, 0x0000000084a00000| Untracked 
|  75|0x0000000084b00000, 0x0000000084b00000, 0x0000000084c00000|  0%| F|  |TAMS 0x0000000084b00000, 0x0000000084b00000| Untracked 
|  76|0x0000000084c00000, 0x0000000084c00000, 0x0000000084d00000|  0%| F|  |TAMS 0x0000000084c00000, 0x0000000084c00000| Untracked 
|  77|0x0000000084d00000, 0x0000000084d00000, 0x0000000084e00000|  0%| F|  |TAMS 0x0000000084d00000, 0x0000000084d00000| Untracked 
|  78|0x0000000084e00000, 0x0000000084e00000, 0x0000000084f00000|  0%| F|  |TAMS 0x0000000084e00000, 0x0000000084e00000| Untracked 
|  79|0x0000000084f00000, 0x0000000084f00000, 0x0000000085000000|  0%| F|  |TAMS 0x0000000084f00000, 0x0000000084f00000| Untracked 
|  80|0x0000000085000000, 0x0000000085000000, 0x0000000085100000|  0%| F|  |TAMS 0x0000000085000000, 0x0000000085000000| Untracked 
|  81|0x0000000085100000, 0x0000000085100000, 0x0000000085200000|  0%| F|  |TAMS 0x0000000085100000, 0x0000000085100000| Untracked 
|  82|0x0000000085200000, 0x0000000085200000, 0x0000000085300000|  0%| F|  |TAMS 0x0000000085200000, 0x0000000085200000| Untracked 
|  83|0x0000000085300000, 0x0000000085300000, 0x0000000085400000|  0%| F|  |TAMS 0x0000000085300000, 0x0000000085300000| Untracked 
|  84|0x0000000085400000, 0x0000000085400000, 0x0000000085500000|  0%| F|  |TAMS 0x0000000085400000, 0x0000000085400000| Untracked 
|  85|0x0000000085500000, 0x0000000085500000, 0x0000000085600000|  0%| F|  |TAMS 0x0000000085500000, 0x0000000085500000| Untracked 
|  86|0x0000000085600000, 0x0000000085600000, 0x0000000085700000|  0%| F|  |TAMS 0x0000000085600000, 0x0000000085600000| Untracked 
|  87|0x0000000085700000, 0x0000000085700000, 0x0000000085800000|  0%| F|  |TAMS 0x0000000085700000, 0x0000000085700000| Untracked 
|  88|0x0000000085800000, 0x0000000085800000, 0x0000000085900000|  0%| F|  |TAMS 0x0000000085800000, 0x0000000085800000| Untracked 
|  89|0x0000000085900000, 0x0000000085900000, 0x0000000085a00000|  0%| F|  |TAMS 0x0000000085900000, 0x0000000085900000| Untracked 
|  90|0x0000000085a00000, 0x0000000085a00000, 0x0000000085b00000|  0%| F|  |TAMS 0x0000000085a00000, 0x0000000085a00000| Untracked 
|  91|0x0000000085b00000, 0x0000000085b00000, 0x0000000085c00000|  0%| F|  |TAMS 0x0000000085b00000, 0x0000000085b00000| Untracked 
|  92|0x0000000085c00000, 0x0000000085c00000, 0x0000000085d00000|  0%| F|  |TAMS 0x0000000085c00000, 0x0000000085c00000| Untracked 
|  93|0x0000000085d00000, 0x0000000085d00000, 0x0000000085e00000|  0%| F|  |TAMS 0x0000000085d00000, 0x0000000085d00000| Untracked 
|  94|0x0000000085e00000, 0x0000000085e00000, 0x0000000085f00000|  0%| F|  |TAMS 0x0000000085e00000, 0x0000000085e00000| Untracked 
|  95|0x0000000085f00000, 0x0000000085f00000, 0x0000000086000000|  0%| F|  |TAMS 0x0000000085f00000, 0x0000000085f00000| Untracked 
|  96|0x0000000086000000, 0x0000000086000000, 0x0000000086100000|  0%| F|  |TAMS 0x0000000086000000, 0x0000000086000000| Untracked 
|  97|0x0000000086100000, 0x0000000086100000, 0x0000000086200000|  0%| F|  |TAMS 0x0000000086100000, 0x0000000086100000| Untracked 
|  98|0x0000000086200000, 0x0000000086200000, 0x0000000086300000|  0%| F|  |TAMS 0x0000000086200000, 0x0000000086200000| Untracked 
|  99|0x0000000086300000, 0x0000000086300000, 0x0000000086400000|  0%| F|  |TAMS 0x0000000086300000, 0x0000000086300000| Untracked 
| 100|0x0000000086400000, 0x0000000086400000, 0x0000000086500000|  0%| F|  |TAMS 0x0000000086400000, 0x0000000086400000| Untracked 
| 101|0x0000000086500000, 0x0000000086500000, 0x0000000086600000|  0%| F|  |TAMS 0x0000000086500000, 0x0000000086500000| Untracked 
| 102|0x0000000086600000, 0x0000000086600000, 0x0000000086700000|  0%| F|  |TAMS 0x0000000086600000, 0x0000000086600000| Untracked 
| 103|0x0000000086700000, 0x0000000086700000, 0x0000000086800000|  0%| F|  |TAMS 0x0000000086700000, 0x0000000086700000| Untracked 
| 104|0x0000000086800000, 0x0000000086800000, 0x0000000086900000|  0%| F|  |TAMS 0x0000000086800000, 0x0000000086800000| Untracked 
| 105|0x0000000086900000, 0x0000000086900000, 0x0000000086a00000|  0%| F|  |TAMS 0x0000000086900000, 0x0000000086900000| Untracked 
| 106|0x0000000086a00000, 0x0000000086a00000, 0x0000000086b00000|  0%| F|  |TAMS 0x0000000086a00000, 0x0000000086a00000| Untracked 
| 107|0x0000000086b00000, 0x0000000086b00000, 0x0000000086c00000|  0%| F|  |TAMS 0x0000000086b00000, 0x0000000086b00000| Untracked 
| 108|0x0000000086c00000, 0x0000000086c00000, 0x0000000086d00000|  0%| F|  |TAMS 0x0000000086c00000, 0x0000000086c00000| Untracked 
| 109|0x0000000086d00000, 0x0000000086d00000, 0x0000000086e00000|  0%| F|  |TAMS 0x0000000086d00000, 0x0000000086d00000| Untracked 
| 110|0x0000000086e00000, 0x0000000086e00000, 0x0000000086f00000|  0%| F|  |TAMS 0x0000000086e00000, 0x0000000086e00000| Untracked 
| 111|0x0000000086f00000, 0x0000000086f00000, 0x0000000087000000|  0%| F|  |TAMS 0x0000000086f00000, 0x0000000086f00000| Untracked 
| 112|0x0000000087000000, 0x0000000087000000, 0x0000000087100000|  0%| F|  |TAMS 0x0000000087000000, 0x0000000087000000| Untracked 
| 113|0x0000000087100000, 0x0000000087100000, 0x0000000087200000|  0%| F|  |TAMS 0x0000000087100000, 0x0000000087100000| Untracked 
| 114|0x0000000087200000, 0x0000000087200000, 0x0000000087300000|  0%| F|  |TAMS 0x0000000087200000, 0x0000000087200000| Untracked 
| 115|0x0000000087300000, 0x0000000087300000, 0x0000000087400000|  0%| F|  |TAMS 0x0000000087300000, 0x0000000087300000| Untracked 
| 116|0x0000000087400000, 0x0000000087400000, 0x0000000087500000|  0%| F|  |TAMS 0x0000000087400000, 0x0000000087400000| Untracked 
| 117|0x0000000087500000, 0x0000000087500000, 0x0000000087600000|  0%| F|  |TAMS 0x0000000087500000, 0x0000000087500000| Untracked 
| 118|0x0000000087600000, 0x0000000087600000, 0x0000000087700000|  0%| F|  |TAMS 0x0000000087600000, 0x0000000087600000| Untracked 
| 119|0x0000000087700000, 0x0000000087700000, 0x0000000087800000|  0%| F|  |TAMS 0x0000000087700000, 0x0000000087700000| Untracked 
| 120|0x0000000087800000, 0x0000000087800000, 0x0000000087900000|  0%| F|  |TAMS 0x0000000087800000, 0x0000000087800000| Untracked 
| 121|0x0000000087900000, 0x0000000087900000, 0x0000000087a00000|  0%| F|  |TAMS 0x0000000087900000, 0x0000000087900000| Untracked 
| 122|0x0000000087a00000, 0x0000000087a00000, 0x0000000087b00000|  0%| F|  |TAMS 0x0000000087a00000, 0x0000000087a00000| Untracked 
| 123|0x0000000087b00000, 0x0000000087b00000, 0x0000000087c00000|  0%| F|  |TAMS 0x0000000087b00000, 0x0000000087b00000| Untracked 
| 124|0x0000000087c00000, 0x0000000087c00000, 0x0000000087d00000|  0%| F|  |TAMS 0x0000000087c00000, 0x0000000087c00000| Untracked 
| 125|0x0000000087d00000, 0x0000000087d00000, 0x0000000087e00000|  0%| F|  |TAMS 0x0000000087d00000, 0x0000000087d00000| Untracked 
| 126|0x0000000087e00000, 0x0000000087e00000, 0x0000000087f00000|  0%| F|  |TAMS 0x0000000087e00000, 0x0000000087e00000| Untracked 
| 127|0x0000000087f00000, 0x0000000087f00000, 0x0000000088000000|  0%| F|  |TAMS 0x0000000087f00000, 0x0000000087f00000| Untracked 
| 128|0x0000000088000000, 0x0000000088000000, 0x0000000088100000|  0%| F|  |TAMS 0x0000000088000000, 0x0000000088000000| Untracked 
| 129|0x0000000088100000, 0x0000000088100000, 0x0000000088200000|  0%| F|  |TAMS 0x0000000088100000, 0x0000000088100000| Untracked 
| 130|0x0000000088200000, 0x0000000088200000, 0x0000000088300000|  0%| F|  |TAMS 0x0000000088200000, 0x0000000088200000| Untracked 
| 131|0x0000000088300000, 0x0000000088300000, 0x0000000088400000|  0%| F|  |TAMS 0x0000000088300000, 0x0000000088300000| Untracked 
| 132|0x0000000088400000, 0x0000000088400000, 0x0000000088500000|  0%| F|  |TAMS 0x0000000088400000, 0x0000000088400000| Untracked 
| 133|0x0000000088500000, 0x0000000088500000, 0x0000000088600000|  0%| F|  |TAMS 0x0000000088500000, 0x0000000088500000| Untracked 
| 134|0x0000000088600000, 0x0000000088600000, 0x0000000088700000|  0%| F|  |TAMS 0x0000000088600000, 0x0000000088600000| Untracked 
| 135|0x0000000088700000, 0x0000000088700000, 0x0000000088800000|  0%| F|  |TAMS 0x0000000088700000, 0x0000000088700000| Untracked 
| 136|0x0000000088800000, 0x0000000088800000, 0x0000000088900000|  0%| F|  |TAMS 0x0000000088800000, 0x0000000088800000| Untracked 
| 137|0x0000000088900000, 0x0000000088900000, 0x0000000088a00000|  0%| F|  |TAMS 0x0000000088900000, 0x0000000088900000| Untracked 
| 138|0x0000000088a00000, 0x0000000088a00000, 0x0000000088b00000|  0%| F|  |TAMS 0x0000000088a00000, 0x0000000088a00000| Untracked 
| 139|0x0000000088b00000, 0x0000000088b00000, 0x0000000088c00000|  0%| F|  |TAMS 0x0000000088b00000, 0x0000000088b00000| Untracked 
| 140|0x0000000088c00000, 0x0000000088c00000, 0x0000000088d00000|  0%| F|  |TAMS 0x0000000088c00000, 0x0000000088c00000| Untracked 
| 141|0x0000000088d00000, 0x0000000088d00000, 0x0000000088e00000|  0%| F|  |TAMS 0x0000000088d00000, 0x0000000088d00000| Untracked 
| 142|0x0000000088e00000, 0x0000000088e00000, 0x0000000088f00000|  0%| F|  |TAMS 0x0000000088e00000, 0x0000000088e00000| Untracked 
| 143|0x0000000088f00000, 0x0000000088f8c298, 0x0000000089000000| 54%| S|CS|TAMS 0x0000000088f00000, 0x0000000088f00000| Complete 
| 144|0x0000000089000000, 0x0000000089100000, 0x0000000089100000|100%| S|CS|TAMS 0x0000000089000000, 0x0000000089000000| Complete 
| 145|0x0000000089100000, 0x0000000089200000, 0x0000000089200000|100%| S|CS|TAMS 0x0000000089100000, 0x0000000089100000| Complete 
| 146|0x0000000089200000, 0x0000000089300000, 0x0000000089300000|100%| S|CS|TAMS 0x0000000089200000, 0x0000000089200000| Complete 
| 147|0x0000000089300000, 0x0000000089400000, 0x0000000089400000|100%| S|CS|TAMS 0x0000000089300000, 0x0000000089300000| Complete 
| 148|0x0000000089400000, 0x0000000089500000, 0x0000000089500000|100%| S|CS|TAMS 0x0000000089400000, 0x0000000089400000| Complete 
| 149|0x0000000089500000, 0x0000000089600000, 0x0000000089600000|100%| S|CS|TAMS 0x0000000089500000, 0x0000000089500000| Complete 
| 150|0x0000000089600000, 0x0000000089700000, 0x0000000089700000|100%| S|CS|TAMS 0x0000000089600000, 0x0000000089600000| Complete 
| 151|0x0000000089700000, 0x0000000089800000, 0x0000000089800000|100%| S|CS|TAMS 0x0000000089700000, 0x0000000089700000| Complete 
| 152|0x0000000089800000, 0x0000000089900000, 0x0000000089900000|100%| S|CS|TAMS 0x0000000089800000, 0x0000000089800000| Complete 
| 153|0x0000000089900000, 0x0000000089a00000, 0x0000000089a00000|100%| S|CS|TAMS 0x0000000089900000, 0x0000000089900000| Complete 
| 154|0x0000000089a00000, 0x0000000089a00000, 0x0000000089b00000|  0%| F|  |TAMS 0x0000000089a00000, 0x0000000089a00000| Untracked 
| 155|0x0000000089b00000, 0x0000000089b00000, 0x0000000089c00000|  0%| F|  |TAMS 0x0000000089b00000, 0x0000000089b00000| Untracked 
| 156|0x0000000089c00000, 0x0000000089c00000, 0x0000000089d00000|  0%| F|  |TAMS 0x0000000089c00000, 0x0000000089c00000| Untracked 
| 157|0x0000000089d00000, 0x0000000089d00000, 0x0000000089e00000|  0%| F|  |TAMS 0x0000000089d00000, 0x0000000089d00000| Untracked 
| 158|0x0000000089e00000, 0x0000000089e00000, 0x0000000089f00000|  0%| F|  |TAMS 0x0000000089e00000, 0x0000000089e00000| Untracked 
| 159|0x0000000089f00000, 0x0000000089f00000, 0x000000008a000000|  0%| F|  |TAMS 0x0000000089f00000, 0x0000000089f00000| Untracked 
| 160|0x000000008a000000, 0x000000008a000000, 0x000000008a100000|  0%| F|  |TAMS 0x000000008a000000, 0x000000008a000000| Untracked 
| 161|0x000000008a100000, 0x000000008a100000, 0x000000008a200000|  0%| F|  |TAMS 0x000000008a100000, 0x000000008a100000| Untracked 
| 162|0x000000008a200000, 0x000000008a200000, 0x000000008a300000|  0%| F|  |TAMS 0x000000008a200000, 0x000000008a200000| Untracked 
| 163|0x000000008a300000, 0x000000008a300000, 0x000000008a400000|  0%| F|  |TAMS 0x000000008a300000, 0x000000008a300000| Untracked 
| 164|0x000000008a400000, 0x000000008a400000, 0x000000008a500000|  0%| F|  |TAMS 0x000000008a400000, 0x000000008a400000| Untracked 
| 165|0x000000008a500000, 0x000000008a500000, 0x000000008a600000|  0%| F|  |TAMS 0x000000008a500000, 0x000000008a500000| Untracked 
| 166|0x000000008a600000, 0x000000008a600000, 0x000000008a700000|  0%| F|  |TAMS 0x000000008a600000, 0x000000008a600000| Untracked 
| 167|0x000000008a700000, 0x000000008a700000, 0x000000008a800000|  0%| F|  |TAMS 0x000000008a700000, 0x000000008a700000| Untracked 
| 168|0x000000008a800000, 0x000000008a800000, 0x000000008a900000|  0%| F|  |TAMS 0x000000008a800000, 0x000000008a800000| Untracked 
| 169|0x000000008a900000, 0x000000008a900000, 0x000000008aa00000|  0%| F|  |TAMS 0x000000008a900000, 0x000000008a900000| Untracked 
| 170|0x000000008aa00000, 0x000000008aa00000, 0x000000008ab00000|  0%| F|  |TAMS 0x000000008aa00000, 0x000000008aa00000| Untracked 
| 171|0x000000008ab00000, 0x000000008ab00000, 0x000000008ac00000|  0%| F|  |TAMS 0x000000008ab00000, 0x000000008ab00000| Untracked 
| 172|0x000000008ac00000, 0x000000008ac00000, 0x000000008ad00000|  0%| F|  |TAMS 0x000000008ac00000, 0x000000008ac00000| Untracked 
| 173|0x000000008ad00000, 0x000000008ad00000, 0x000000008ae00000|  0%| F|  |TAMS 0x000000008ad00000, 0x000000008ad00000| Untracked 
| 174|0x000000008ae00000, 0x000000008ae00000, 0x000000008af00000|  0%| F|  |TAMS 0x000000008ae00000, 0x000000008ae00000| Untracked 
| 175|0x000000008af00000, 0x000000008af00000, 0x000000008b000000|  0%| F|  |TAMS 0x000000008af00000, 0x000000008af00000| Untracked 
| 176|0x000000008b000000, 0x000000008b000000, 0x000000008b100000|  0%| F|  |TAMS 0x000000008b000000, 0x000000008b000000| Untracked 
| 177|0x000000008b100000, 0x000000008b100000, 0x000000008b200000|  0%| F|  |TAMS 0x000000008b100000, 0x000000008b100000| Untracked 
| 178|0x000000008b200000, 0x000000008b200000, 0x000000008b300000|  0%| F|  |TAMS 0x000000008b200000, 0x000000008b200000| Untracked 
| 179|0x000000008b300000, 0x000000008b300000, 0x000000008b400000|  0%| F|  |TAMS 0x000000008b300000, 0x000000008b300000| Untracked 
| 180|0x000000008b400000, 0x000000008b400000, 0x000000008b500000|  0%| F|  |TAMS 0x000000008b400000, 0x000000008b400000| Untracked 
| 181|0x000000008b500000, 0x000000008b500000, 0x000000008b600000|  0%| F|  |TAMS 0x000000008b500000, 0x000000008b500000| Untracked 
| 182|0x000000008b600000, 0x000000008b600000, 0x000000008b700000|  0%| F|  |TAMS 0x000000008b600000, 0x000000008b600000| Untracked 
| 183|0x000000008b700000, 0x000000008b700000, 0x000000008b800000|  0%| F|  |TAMS 0x000000008b700000, 0x000000008b700000| Untracked 
| 184|0x000000008b800000, 0x000000008b800000, 0x000000008b900000|  0%| F|  |TAMS 0x000000008b800000, 0x000000008b800000| Untracked 
| 185|0x000000008b900000, 0x000000008b900000, 0x000000008ba00000|  0%| F|  |TAMS 0x000000008b900000, 0x000000008b900000| Untracked 
| 186|0x000000008ba00000, 0x000000008ba00000, 0x000000008bb00000|  0%| F|  |TAMS 0x000000008ba00000, 0x000000008ba00000| Untracked 
| 187|0x000000008bb00000, 0x000000008bb00000, 0x000000008bc00000|  0%| F|  |TAMS 0x000000008bb00000, 0x000000008bb00000| Untracked 
| 188|0x000000008bc00000, 0x000000008bc00000, 0x000000008bd00000|  0%| F|  |TAMS 0x000000008bc00000, 0x000000008bc00000| Untracked 
| 189|0x000000008bd00000, 0x000000008bd00000, 0x000000008be00000|  0%| F|  |TAMS 0x000000008bd00000, 0x000000008bd00000| Untracked 
| 190|0x000000008be00000, 0x000000008be00000, 0x000000008bf00000|  0%| F|  |TAMS 0x000000008be00000, 0x000000008be00000| Untracked 
| 191|0x000000008bf00000, 0x000000008bf00000, 0x000000008c000000|  0%| F|  |TAMS 0x000000008bf00000, 0x000000008bf00000| Untracked 
| 192|0x000000008c000000, 0x000000008c000000, 0x000000008c100000|  0%| F|  |TAMS 0x000000008c000000, 0x000000008c000000| Untracked 
| 193|0x000000008c100000, 0x000000008c100000, 0x000000008c200000|  0%| F|  |TAMS 0x000000008c100000, 0x000000008c100000| Untracked 
| 194|0x000000008c200000, 0x000000008c200000, 0x000000008c300000|  0%| F|  |TAMS 0x000000008c200000, 0x000000008c200000| Untracked 
| 195|0x000000008c300000, 0x000000008c300000, 0x000000008c400000|  0%| F|  |TAMS 0x000000008c300000, 0x000000008c300000| Untracked 
| 196|0x000000008c400000, 0x000000008c400000, 0x000000008c500000|  0%| F|  |TAMS 0x000000008c400000, 0x000000008c400000| Untracked 
| 197|0x000000008c500000, 0x000000008c500000, 0x000000008c600000|  0%| F|  |TAMS 0x000000008c500000, 0x000000008c500000| Untracked 
| 198|0x000000008c600000, 0x000000008c600000, 0x000000008c700000|  0%| F|  |TAMS 0x000000008c600000, 0x000000008c600000| Untracked 
| 199|0x000000008c700000, 0x000000008c700000, 0x000000008c800000|  0%| F|  |TAMS 0x000000008c700000, 0x000000008c700000| Untracked 
| 200|0x000000008c800000, 0x000000008c800000, 0x000000008c900000|  0%| F|  |TAMS 0x000000008c800000, 0x000000008c800000| Untracked 
| 201|0x000000008c900000, 0x000000008c900000, 0x000000008ca00000|  0%| F|  |TAMS 0x000000008c900000, 0x000000008c900000| Untracked 
| 202|0x000000008ca00000, 0x000000008ca00000, 0x000000008cb00000|  0%| F|  |TAMS 0x000000008ca00000, 0x000000008ca00000| Untracked 
| 203|0x000000008cb00000, 0x000000008cb00000, 0x000000008cc00000|  0%| F|  |TAMS 0x000000008cb00000, 0x000000008cb00000| Untracked 
| 204|0x000000008cc00000, 0x000000008cc00000, 0x000000008cd00000|  0%| F|  |TAMS 0x000000008cc00000, 0x000000008cc00000| Untracked 
| 205|0x000000008cd00000, 0x000000008cd00000, 0x000000008ce00000|  0%| F|  |TAMS 0x000000008cd00000, 0x000000008cd00000| Untracked 
| 206|0x000000008ce00000, 0x000000008ce00000, 0x000000008cf00000|  0%| F|  |TAMS 0x000000008ce00000, 0x000000008ce00000| Untracked 
| 207|0x000000008cf00000, 0x000000008cf00000, 0x000000008d000000|  0%| F|  |TAMS 0x000000008cf00000, 0x000000008cf00000| Untracked 
| 208|0x000000008d000000, 0x000000008d000000, 0x000000008d100000|  0%| F|  |TAMS 0x000000008d000000, 0x000000008d000000| Untracked 
| 209|0x000000008d100000, 0x000000008d100000, 0x000000008d200000|  0%| F|  |TAMS 0x000000008d100000, 0x000000008d100000| Untracked 
| 210|0x000000008d200000, 0x000000008d200000, 0x000000008d300000|  0%| F|  |TAMS 0x000000008d200000, 0x000000008d200000| Untracked 
| 211|0x000000008d300000, 0x000000008d300000, 0x000000008d400000|  0%| F|  |TAMS 0x000000008d300000, 0x000000008d300000| Untracked 
| 212|0x000000008d400000, 0x000000008d400000, 0x000000008d500000|  0%| F|  |TAMS 0x000000008d400000, 0x000000008d400000| Untracked 
| 213|0x000000008d500000, 0x000000008d500000, 0x000000008d600000|  0%| F|  |TAMS 0x000000008d500000, 0x000000008d500000| Untracked 
| 214|0x000000008d600000, 0x000000008d600000, 0x000000008d700000|  0%| F|  |TAMS 0x000000008d600000, 0x000000008d600000| Untracked 
| 215|0x000000008d700000, 0x000000008d700000, 0x000000008d800000|  0%| F|  |TAMS 0x000000008d700000, 0x000000008d700000| Untracked 
| 216|0x000000008d800000, 0x000000008d800000, 0x000000008d900000|  0%| F|  |TAMS 0x000000008d800000, 0x000000008d800000| Untracked 
| 217|0x000000008d900000, 0x000000008d900000, 0x000000008da00000|  0%| F|  |TAMS 0x000000008d900000, 0x000000008d900000| Untracked 
| 218|0x000000008da00000, 0x000000008da00000, 0x000000008db00000|  0%| F|  |TAMS 0x000000008da00000, 0x000000008da00000| Untracked 
| 219|0x000000008db00000, 0x000000008db00000, 0x000000008dc00000|  0%| F|  |TAMS 0x000000008db00000, 0x000000008db00000| Untracked 
| 220|0x000000008dc00000, 0x000000008dc00000, 0x000000008dd00000|  0%| F|  |TAMS 0x000000008dc00000, 0x000000008dc00000| Untracked 
| 221|0x000000008dd00000, 0x000000008dd00000, 0x000000008de00000|  0%| F|  |TAMS 0x000000008dd00000, 0x000000008dd00000| Untracked 
| 222|0x000000008de00000, 0x000000008de00000, 0x000000008df00000|  0%| F|  |TAMS 0x000000008de00000, 0x000000008de00000| Untracked 
| 223|0x000000008df00000, 0x000000008df00000, 0x000000008e000000|  0%| F|  |TAMS 0x000000008df00000, 0x000000008df00000| Untracked 
| 224|0x000000008e000000, 0x000000008e000000, 0x000000008e100000|  0%| F|  |TAMS 0x000000008e000000, 0x000000008e000000| Untracked 
| 225|0x000000008e100000, 0x000000008e100000, 0x000000008e200000|  0%| F|  |TAMS 0x000000008e100000, 0x000000008e100000| Untracked 
| 226|0x000000008e200000, 0x000000008e200000, 0x000000008e300000|  0%| F|  |TAMS 0x000000008e200000, 0x000000008e200000| Untracked 
| 227|0x000000008e300000, 0x000000008e300000, 0x000000008e400000|  0%| F|  |TAMS 0x000000008e300000, 0x000000008e300000| Untracked 
| 228|0x000000008e400000, 0x000000008e400000, 0x000000008e500000|  0%| F|  |TAMS 0x000000008e400000, 0x000000008e400000| Untracked 
| 229|0x000000008e500000, 0x000000008e500000, 0x000000008e600000|  0%| F|  |TAMS 0x000000008e500000, 0x000000008e500000| Untracked 
| 230|0x000000008e600000, 0x000000008e600000, 0x000000008e700000|  0%| F|  |TAMS 0x000000008e600000, 0x000000008e600000| Untracked 
| 231|0x000000008e700000, 0x000000008e700000, 0x000000008e800000|  0%| F|  |TAMS 0x000000008e700000, 0x000000008e700000| Untracked 
| 232|0x000000008e800000, 0x000000008e800000, 0x000000008e900000|  0%| F|  |TAMS 0x000000008e800000, 0x000000008e800000| Untracked 
| 233|0x000000008e900000, 0x000000008e900000, 0x000000008ea00000|  0%| F|  |TAMS 0x000000008e900000, 0x000000008e900000| Untracked 
| 234|0x000000008ea00000, 0x000000008ea00000, 0x000000008eb00000|  0%| F|  |TAMS 0x000000008ea00000, 0x000000008ea00000| Untracked 
| 235|0x000000008eb00000, 0x000000008eb00000, 0x000000008ec00000|  0%| F|  |TAMS 0x000000008eb00000, 0x000000008eb00000| Untracked 
| 236|0x000000008ec00000, 0x000000008ec00000, 0x000000008ed00000|  0%| F|  |TAMS 0x000000008ec00000, 0x000000008ec00000| Untracked 
| 237|0x000000008ed00000, 0x000000008ed00000, 0x000000008ee00000|  0%| F|  |TAMS 0x000000008ed00000, 0x000000008ed00000| Untracked 
| 238|0x000000008ee00000, 0x000000008ee00000, 0x000000008ef00000|  0%| F|  |TAMS 0x000000008ee00000, 0x000000008ee00000| Untracked 
| 239|0x000000008ef00000, 0x000000008ef00000, 0x000000008f000000|  0%| F|  |TAMS 0x000000008ef00000, 0x000000008ef00000| Untracked 
| 240|0x000000008f000000, 0x000000008f000000, 0x000000008f100000|  0%| F|  |TAMS 0x000000008f000000, 0x000000008f000000| Untracked 
| 241|0x000000008f100000, 0x000000008f100000, 0x000000008f200000|  0%| F|  |TAMS 0x000000008f100000, 0x000000008f100000| Untracked 
| 242|0x000000008f200000, 0x000000008f200000, 0x000000008f300000|  0%| F|  |TAMS 0x000000008f200000, 0x000000008f200000| Untracked 
| 243|0x000000008f300000, 0x000000008f300000, 0x000000008f400000|  0%| F|  |TAMS 0x000000008f300000, 0x000000008f300000| Untracked 
| 244|0x000000008f400000, 0x000000008f400000, 0x000000008f500000|  0%| F|  |TAMS 0x000000008f400000, 0x000000008f400000| Untracked 
| 245|0x000000008f500000, 0x000000008f500000, 0x000000008f600000|  0%| F|  |TAMS 0x000000008f500000, 0x000000008f500000| Untracked 
| 246|0x000000008f600000, 0x000000008f600000, 0x000000008f700000|  0%| F|  |TAMS 0x000000008f600000, 0x000000008f600000| Untracked 
| 247|0x000000008f700000, 0x000000008f700000, 0x000000008f800000|  0%| F|  |TAMS 0x000000008f700000, 0x000000008f700000| Untracked 
| 248|0x000000008f800000, 0x000000008f800000, 0x000000008f900000|  0%| F|  |TAMS 0x000000008f800000, 0x000000008f800000| Untracked 
| 249|0x000000008f900000, 0x000000008fa00000, 0x000000008fa00000|100%| E|  |TAMS 0x000000008f900000, 0x000000008f900000| Complete 

Card table byte_map: [0x00007fe99a0d4000,0x00007fe99a4d4000] _byte_map_base: 0x00007fe999cd4000

Marking Bits (Prev, Next): (CMBitMap*) 0x00007fe99406a7c8, (CMBitMap*) 0x00007fe99406a800
 Prev Bits: [0x00007fe976000000, 0x00007fe978000000)
 Next Bits: [0x00007fe974000000, 0x00007fe976000000)

Polling page: 0x00007fe99d893000

Metaspace:

Usage:
  Non-class:     17.98 MB capacity,    17.62 MB ( 98%) used,   329.59 KB (  2%) free+waste,    36.31 KB ( <1%) overhead. 
      Class:      2.67 MB capacity,     2.49 MB ( 93%) used,   172.07 KB (  6%) free+waste,    18.06 KB ( <1%) overhead. 
       Both:     20.65 MB capacity,    20.11 MB ( 97%) used,   501.66 KB (  2%) free+waste,    54.38 KB ( <1%) overhead. 

Virtual space:
  Non-class space:       20.00 MB reserved,      18.25 MB ( 91%) committed 
      Class space:        1.00 GB reserved,       2.75 MB ( <1%) committed 
             Both:        1.02 GB reserved,      21.00 MB (  2%) committed 

Chunk freelists:
   Non-Class:  189.00 KB
       Class:  13.00 KB
        Both:  202.00 KB

MaxMetaspaceSize: unlimited
CompressedClassSpaceSize: 1.00 GB

CodeHeap 'non-profiled nmethods': size=120032Kb used=550Kb max_used=550Kb free=119481Kb
 bounds [0x00007fe984340000, 0x00007fe9845b0000, 0x00007fe98b878000]
CodeHeap 'profiled nmethods': size=120028Kb used=3206Kb max_used=3206Kb free=116821Kb
 bounds [0x00007fe97ce09000, 0x00007fe97d139000, 0x00007fe984340000]
CodeHeap 'non-nmethods': size=5700Kb used=1108Kb max_used=1155Kb free=4591Kb
 bounds [0x00007fe97c878000, 0x00007fe97cae8000, 0x00007fe97ce09000]
 total_blobs=2096 nmethods=1633 adapters=376
 compilation: enabled
              stopped_count=0, restarted_count=0
 full_count=0

Compilation events (20 events):
Event: 1.203 Thread 0x00007fe9941f1000 1647       2       java.lang.reflect.Method::invoke (65 bytes)
Event: 1.203 Thread 0x00007fe9941f1000 nmethod 1647 0x00007fe97d121010 code [0x00007fe97d1211e0, 0x00007fe97d1213d0]
Event: 1.203 Thread 0x00007fe9941f1000 1648       2       jdk.internal.reflect.DelegatingMethodAccessorImpl::invoke (10 bytes)
Event: 1.204 Thread 0x00007fe9941f1000 nmethod 1648 0x00007fe97d121510 code [0x00007fe97d1216c0, 0x00007fe97d1217e0]
Event: 1.212 Thread 0x00007fe9941f1000 1652       2       jdk.internal.org.objectweb.asm.MethodWriter::visitMaxs (1144 bytes)
Event: 1.214 Thread 0x00007fe9941f1000 nmethod 1652 0x00007fe97d121890 code [0x00007fe97d121ca0, 0x00007fe97d1237c0]
Event: 1.214 Thread 0x00007fe9941f1000 1649       2       jdk.internal.org.objectweb.asm.ClassWriter::visitMethod (20 bytes)
Event: 1.214 Thread 0x00007fe9941f1000 nmethod 1649 0x00007fe97d125010 code [0x00007fe97d1251c0, 0x00007fe97d125360]
Event: 1.214 Thread 0x00007fe9941f1000 1650       2       jdk.internal.org.objectweb.asm.MethodWriter::<init> (247 bytes)
Event: 1.215 Thread 0x00007fe9941f1000 nmethod 1650 0x00007fe97d125490 code [0x00007fe97d1256e0, 0x00007fe97d126080]
Event: 1.215 Thread 0x00007fe9941f1000 1651       2       jdk.internal.org.objectweb.asm.MethodVisitor::<init> (7 bytes)
Event: 1.215 Thread 0x00007fe9941f1000 nmethod 1651 0x00007fe97d126490 code [0x00007fe97d126640, 0x00007fe97d126820]
Event: 1.215 Thread 0x00007fe9941f1000 1653       2       jdk.internal.org.objectweb.asm.MethodWriter::visitEnd (1 bytes)
Event: 1.215 Thread 0x00007fe9941f1000 nmethod 1653 0x00007fe97d126910 code [0x00007fe97d126ac0, 0x00007fe97d126bb0]
Event: 1.215 Thread 0x00007fe9941f1000 1654       2       jdk.internal.org.objectweb.asm.MethodWriter::put (1602 bytes)
Event: 1.226 Thread 0x00007fe9941ef000 nmethod 1166 0x00007fe9843c0510 code [0x00007fe9843c0980, 0x00007fe9843c6370]
Event: 1.226 Thread 0x00007fe9941ef000 1356       4       java.lang.String::charAt (25 bytes)
Event: 1.226 Thread 0x00007fe9941f1000 nmethod 1654 0x00007fe97d126c10 code [0x00007fe97d127320, 0x00007fe97d128cf0]
Event: 1.226 Thread 0x00007fe9941f1000 1656   !   2       java.lang.ref.ReferenceQueue::enqueue (119 bytes)
Event: 1.227 Thread 0x00007fe9941f1000 nmethod 1656 0x00007fe97d12a310 code [0x00007fe97d12a4e0, 0x00007fe97d12aa00]

GC Heap History (4 events):
Event: 0.406 GC heap before
{Heap before GC invocations=0 (full 0):
 garbage-first heap   total 256000K, used 29696K [0x0000000080000000, 0x0000000100000000)
  region size 1024K, 24 young (24576K), 0 survivors (0K)
 Metaspace       used 9698K, capacity 9938K, committed 10112K, reserved 1058816K
  class space    used 1009K, capacity 1102K, committed 1152K, reserved 1048576K
}
Event: 0.409 GC heap after
{Heap after GC invocations=1 (full 0):
 garbage-first heap   total 256000K, used 9003K [0x0000000080000000, 0x0000000100000000)
  region size 1024K, 3 young (3072K), 3 survivors (3072K)
 Metaspace       used 9698K, capacity 9938K, committed 10112K, reserved 1058816K
  class space    used 1009K, capacity 1102K, committed 1152K, reserved 1048576K
}
Event: 1.216 GC heap before
{Heap before GC invocations=1 (full 0):
 garbage-first heap   total 256000K, used 103211K [0x0000000080000000, 0x0000000100000000)
  region size 1024K, 96 young (98304K), 3 survivors (3072K)
 Metaspace       used 20538K, capacity 20983K, committed 21248K, reserved 1067008K
  class space    used 2538K, capacity 2706K, committed 2816K, reserved 1048576K
}
Event: 1.222 GC heap after
{Heap after GC invocations=2 (full 0):
 garbage-first heap   total 256000K, used 16731K [0x0000000080000000, 0x0000000100000000)
  region size 1024K, 11 young (11264K), 11 survivors (11264K)
 Metaspace       used 20538K, capacity 20983K, committed 21248K, reserved 1067008K
  class space    used 2538K, capacity 2706K, committed 2816K, reserved 1048576K
}

Deoptimization events (20 events):
Event: 1.133 Thread 0x00007fe910009000 Uncommon trap: trap_request=0xffffff4d fr.pc=0x00007fe984398df4 relative=0x0000000000000634
Event: 1.133 Thread 0x00007fe910009000 Uncommon trap: reason=unstable_if action=reinterpret pc=0x00007fe984398df4 method=java.io.File.getName()Ljava/lang/String; @ 16 c2
Event: 1.133 Thread 0x00007fe910009000 DEOPT PACKING pc=0x00007fe984398df4 sp=0x00007fe91b8dd2a0
Event: 1.133 Thread 0x00007fe910009000 DEOPT UNPACKING pc=0x00007fe97c89d5a5 sp=0x00007fe91b8dd268 mode 2
Event: 1.133 Thread 0x00007fe910009000 Uncommon trap: trap_request=0xffffff4d fr.pc=0x00007fe9843905bc relative=0x00000000000005dc
Event: 1.133 Thread 0x00007fe910009000 Uncommon trap: reason=unstable_if action=reinterpret pc=0x00007fe9843905bc method=java.io.UnixFileSystem.resolve(Ljava/lang/String;Ljava/lang/String;)Ljava/lang/String; @ 6 c2
Event: 1.133 Thread 0x00007fe910009000 DEOPT PACKING pc=0x00007fe9843905bc sp=0x00007fe91b8dd160
Event: 1.133 Thread 0x00007fe910009000 DEOPT UNPACKING pc=0x00007fe97c89d5a5 sp=0x00007fe91b8dd128 mode 2
Event: 1.134 Thread 0x00007fe910009000 Uncommon trap: trap_request=0xffffffc6 fr.pc=0x00007fe9843949a4 relative=0x0000000000000084
Event: 1.134 Thread 0x00007fe910009000 Uncommon trap: reason=bimorphic_or_optimized_type_check action=maybe_recompile pc=0x00007fe9843949a4 method=java.util.AbstractList$Itr.hasNext()Z @ 8 c2
Event: 1.134 Thread 0x00007fe910009000 DEOPT PACKING pc=0x00007fe9843949a4 sp=0x00007fe91b8dc8f0
Event: 1.134 Thread 0x00007fe910009000 DEOPT UNPACKING pc=0x00007fe97c89d5a5 sp=0x00007fe91b8dc8a8 mode 2
Event: 1.134 Thread 0x00007fe910009000 Uncommon trap: trap_request=0xffffffc6 fr.pc=0x00007fe984394d74 relative=0x0000000000000134
Event: 1.134 Thread 0x00007fe910009000 Uncommon trap: reason=bimorphic_or_optimized_type_check action=maybe_recompile pc=0x00007fe984394d74 method=java.util.AbstractList$Itr.next()Ljava/lang/Object; @ 14 c2
Event: 1.134 Thread 0x00007fe910009000 DEOPT PACKING pc=0x00007fe984394d74 sp=0x00007fe91b8dc8e0
Event: 1.134 Thread 0x00007fe910009000 DEOPT UNPACKING pc=0x00007fe97c89d5a5 sp=0x00007fe91b8dc898 mode 2
Event: 1.134 Thread 0x00007fe910009000 Uncommon trap: trap_request=0xffffff4d fr.pc=0x00007fe98439b95c relative=0x000000000000049c
Event: 1.134 Thread 0x00007fe910009000 Uncommon trap: reason=unstable_if action=reinterpret pc=0x00007fe98439b95c method=java.lang.String.substring(I)Ljava/lang/String; @ 34 c2
Event: 1.134 Thread 0x00007fe910009000 DEOPT PACKING pc=0x00007fe98439b95c sp=0x00007fe91b8dd0b0
Event: 1.134 Thread 0x00007fe910009000 DEOPT UNPACKING pc=0x00007fe97c89d5a5 sp=0x00007fe91b8dd088 mode 2

Classes redefined (0 events):
No events

Internal exceptions (20 events):
Event: 0.304 Thread 0x00007fe994028800 Exception <a 'java/lang/NoSuchMethodError'{0x000000008e844220}: 'void java.lang.invoke.DelegatingMethodHandle$Holder.delegate(java.lang.Object, java.lang.Object, int, java.lang.Object)'> (0x000000008e844220) thrown at [./src/hotspot/share/interpreter/linkResolver.cpp, line 773]
Event: 0.569 Thread 0x00007fe994028800 Exception <a 'java/security/PrivilegedActionException'{0x000000008d53eab8}> (0x000000008d53eab8) thrown at [./src/hotspot/share/prims/jvm.cpp, line 1306]
Event: 0.569 Thread 0x00007fe994028800 Exception <a 'java/security/PrivilegedActionException'{0x000000008d53f030}> (0x000000008d53f030) thrown at [./src/hotspot/share/prims/jvm.cpp, line 1306]
Event: 0.704 Thread 0x00007fe994028800 Exception <a 'java/lang/NoSuchMethodError'{0x000000008c6f22f8}: 'java.lang.Object java.lang.invoke.DirectMethodHandle$Holder.invokeStaticInit(java.lang.Object, java.lang.Object, java.lang.Object)'> (0x000000008c6f22f8) thrown at [./src/hotspot/share/interpreter/linkResolver.cpp, line 773]
Event: 0.923 Thread 0x00007fe910009000 Exception <a 'java/lang/NoSuchMethodError'{0x000000008ba8d7e8}: 'void java.lang.invoke.DirectMethodHandle$Holder.invokeVirtual(java.lang.Object, java.lang.Object, java.lang.Object, java.lang.Object)'> (0x000000008ba8d7e8) thrown at [./src/hotspot/share/interpreter/linkResolver.cpp, line 773]
Event: 0.925 Thread 0x00007fe910009000 Exception <a 'java/lang/NoSuchMethodError'{0x000000008ba9a250}: 'void java.lang.invoke.DelegatingMethodHandle$Holder.reinvoke_L(java.lang.Object, java.lang.Object, java.lang.Object, java.lang.Object)'> (0x000000008ba9a250) thrown at [./src/hotspot/share/interpreter/linkResolver.cpp, line 773]
Event: 0.928 Thread 0x00007fe910009000 Exception <a 'java/lang/NoSuchMethodError'{0x000000008bacaac8}: 'long java.lang.invoke.DirectMethodHandle$Holder.invokeInterface(java.lang.Object, java.lang.Object)'> (0x000000008bacaac8) thrown at [./src/hotspot/share/interpreter/linkResolver.cpp, line 773]
Event: 0.931 Thread 0x00007fe910009000 Exception <a 'java/lang/NoSuchMethodError'{0x000000008baed718}: 'void java.lang.invoke.DelegatingMethodHandle$Holder.reinvoke_L(java.lang.Object, java.lang.Object, java.lang.Object, java.lang.Object, java.lang.Object, java.lang.Object, java.lang.Object)'> (0x000000008baed718) thrown at [./src/hotspot/share/interpreter/linkResolver.cpp, line 773]
Event: 1.043 Thread 0x00007fe910009000 Exception <a 'java/lang/NoSuchMethodError'{0x000000008ade64e8}: 'java.lang.Object java.lang.invoke.DirectMethodHandle$Holder.invokeVirtual(java.lang.Object, java.lang.Object, java.lang.Object)'> (0x000000008ade64e8) thrown at [./src/hotspot/share/interpreter/linkResolver.cpp, line 773]
Event: 1.065 Thread 0x00007fe910009000 Exception <a 'java/lang/NoSuchMethodError'{0x000000008a98f9f0}: 'void java.lang.invoke.DirectMethodHandle$Holder.invokeInterface(java.lang.Object, java.lang.Object)'> (0x000000008a98f9f0) thrown at [./src/hotspot/share/interpreter/linkResolver.cpp, line 773]
Event: 1.065 Thread 0x00007fe910009000 Exception <a 'java/lang/IncompatibleClassChangeError'{0x000000008a992ba0}: Found class java.lang.Object, but interface was expected> (0x000000008a992ba0) thrown at [./src/hotspot/share/interpreter/linkResolver.cpp, line 839]
Event: 1.075 Thread 0x00007fe910009000 Exception <a 'java/lang/NoSuchMethodError'{0x000000008a70a220}: 'void java.lang.invoke.DirectMethodHandle$Holder.invokeStaticInit(java.lang.Object)'> (0x000000008a70a220) thrown at [./src/hotspot/share/interpreter/linkResolver.cpp, line 773]
Event: 1.104 Thread 0x00007fe910009000 Exception <a 'java/lang/NoSuchMethodError'{0x000000008a4089c8}: 'java.lang.Object java.lang.invoke.DirectMethodHandle$Holder.invokeStatic(java.lang.Object, java.lang.Object, java.lang.Object, int)'> (0x000000008a4089c8) thrown at [./src/hotspot/share/interpreter/linkResolver.cpp, line 773]
Event: 1.104 Thread 0x00007fe910009000 Exception <a 'java/lang/NoSuchMethodError'{0x000000008a40cb90}: 'java.lang.Object java.lang.invoke.DirectMethodHandle$Holder.invokeSpecial(java.lang.Object, java.lang.Object, java.lang.Object, java.lang.Object, int)'> (0x000000008a40cb90) thrown at [./src/hotspot/share/interpreter/linkResolver.cpp, line 773]
Event: 1.105 Thread 0x00007fe910009000 Exception <a 'java/lang/NoSuchMethodError'{0x000000008a410578}: 'java.lang.Object java.lang.invoke.Invokers$Holder.linkToTargetMethod(java.lang.Object, java.lang.Object, int, java.lang.Object)'> (0x000000008a410578) thrown at [./src/hotspot/share/interpreter/linkResolver.cpp, line 773]
Event: 1.159 Thread 0x00007fe910009000 Exception <a 'java/lang/NoSuchMethodError'{0x000000008a09e178}: 'int java.lang.invoke.DirectMethodHandle$Holder.invokeSpecialIFC(java.lang.Object, java.lang.Object, java.lang.Object, java.lang.Object)'> (0x000000008a09e178) thrown at [./src/hotspot/share/interpreter/linkResolver.cpp, line 773]
Event: 1.160 Thread 0x00007fe910009000 Exception <a 'java/lang/NoSuchMethodError'{0x000000008a0abf38}: 'java.lang.Object java.lang.invoke.DirectMethodHandle$Holder.invokeInterface(java.lang.Object, java.lang.Object, java.lang.Object)'> (0x000000008a0abf38) thrown at [./src/hotspot/share/interpreter/linkResolver.cpp, line 773]
Event: 1.161 Thread 0x00007fe910009000 Exception <a 'java/lang/IncompatibleClassChangeError'{0x000000008a0af410}: Found class java.lang.Object, but interface was expected> (0x000000008a0af410) thrown at [./src/hotspot/share/interpreter/linkResolver.cpp, line 839]
Event: 1.166 Thread 0x00007fe910009000 Exception <a 'java/lang/NoSuchMethodError'{0x0000000089f649d0}: 'void java.lang.invoke.DirectMethodHandle$Holder.invokeStatic(java.lang.Object, java.lang.Object, java.lang.Object, java.lang.Object, java.lang.Object)'> (0x0000000089f649d0) thrown at [./src/hotspot/share/interpreter/linkResolver.cpp, line 773]
Event: 1.210 Thread 0x00007fe910009000 Exception <a 'java/lang/NoSuchMethodError'{0x0000000089bfa320}: 'void java.lang.invoke.DirectMethodHandle$Holder.invokeSpecial(java.lang.Object, java.lang.Object)'> (0x0000000089bfa320) thrown at [./src/hotspot/share/interpreter/linkResolver.cpp, line 773]

Events (20 events):
Event: 1.225 loading class org/gradle/internal/build/BuildIncluder
Event: 1.225 loading class org/gradle/internal/build/BuildIncluder done
Event: 1.225 loading class org/gradle/internal/service/ServiceRegistry
Event: 1.225 loading class org/gradle/internal/service/ServiceRegistry done
Event: 1.225 loading class org/gradle/internal/service/ServiceRegistry
Event: 1.225 loading class org/gradle/internal/service/ServiceRegistry done
Event: 1.226 loading class org/gradle/api/internal/resources/ApiTextResourceAdapter$Factory
Event: 1.226 loading class org/gradle/api/internal/resources/ApiTextResourceAdapter$Factory done
Event: 1.226 loading class org/gradle/api/internal/resources/DefaultResourceHandler$Factory
Event: 1.226 loading class org/gradle/api/internal/resources/DefaultResourceHandler$Factory done
Event: 1.226 loading class org/gradle/api/internal/tasks/TaskStatistics
Event: 1.226 loading class org/gradle/api/internal/tasks/TaskStatistics done
Event: 1.227 loading class org/gradle/api/internal/project/DefaultProjectRegistry
Event: 1.227 loading class org/gradle/api/internal/project/DefaultProjectRegistry done
Event: 1.227 Executing VM operation: BulkRevokeBias
Event: 1.227 Executing coalesced safepoint VM operation: RevokeBias
Event: 1.227 Executing coalesced safepoint VM operation: RevokeBias done
Event: 1.227 Executing coalesced safepoint VM operation: RevokeBias
Event: 1.227 Executing coalesced safepoint VM operation: RevokeBias done
Event: 1.227 Executing coalesced safepoint VM operation: CGC_Operation


Dynamic libraries:
80000000-8fa00000 rw-p 00000000 00:00 0 
8fa00000-100000000 ---p 00000000 00:00 0 
100000000-1002c0000 rw-p 00000000 00:00 0 
1002c0000-140000000 ---p 00000000 00:00 0 
55c9aca73000-55c9aca74000 r-xp 00000000 08:01 1183245                    /usr/lib/jvm/adoptopenjdk-11-hotspot-amd64/bin/java
55c9acc74000-55c9acc75000 r--p 00001000 08:01 1183245                    /usr/lib/jvm/adoptopenjdk-11-hotspot-amd64/bin/java
55c9acc75000-55c9acc76000 rw-p 00002000 08:01 1183245                    /usr/lib/jvm/adoptopenjdk-11-hotspot-amd64/bin/java
55c9ae803000-55c9ae824000 rw-p 00000000 00:00 0                          [heap]
7fe8e0000000-7fe8e0021000 rw-p 00000000 00:00 0 
7fe8e0021000-7fe8e4000000 ---p 00000000 00:00 0 
7fe8e4000000-7fe8e4021000 rw-p 00000000 00:00 0 
7fe8e4021000-7fe8e8000000 ---p 00000000 00:00 0 
7fe8e8000000-7fe8e8021000 rw-p 00000000 00:00 0 
7fe8e8021000-7fe8ec000000 ---p 00000000 00:00 0 
7fe8ec000000-7fe8ec155000 rw-p 00000000 00:00 0 
7fe8ec155000-7fe8f0000000 ---p 00000000 00:00 0 
7fe8f0000000-7fe8f0021000 rw-p 00000000 00:00 0 
7fe8f0021000-7fe8f4000000 ---p 00000000 00:00 0 
7fe8f4000000-7fe8f4021000 rw-p 00000000 00:00 0 
7fe8f4021000-7fe8f8000000 ---p 00000000 00:00 0 
7fe8f8000000-7fe8f8021000 rw-p 00000000 00:00 0 
7fe8f8021000-7fe8fc000000 ---p 00000000 00:00 0 
7fe8fc000000-7fe8fc021000 rw-p 00000000 00:00 0 
7fe8fc021000-7fe900000000 ---p 00000000 00:00 0 
7fe900000000-7fe900507000 rw-p 00000000 00:00 0 
7fe900507000-7fe904000000 ---p 00000000 00:00 0 
7fe904000000-7fe904021000 rw-p 00000000 00:00 0 
7fe904021000-7fe908000000 ---p 00000000 00:00 0 
7fe908000000-7fe908021000 rw-p 00000000 00:00 0 
7fe908021000-7fe90c000000 ---p 00000000 00:00 0 
7fe90c000000-7fe90c021000 rw-p 00000000 00:00 0 
7fe90c021000-7fe910000000 ---p 00000000 00:00 0 
7fe910000000-7fe910021000 rw-p 00000000 00:00 0 
7fe910021000-7fe914000000 ---p 00000000 00:00 0 
7fe914000000-7fe914021000 rw-p 00000000 00:00 0 
7fe914021000-7fe918000000 ---p 00000000 00:00 0 
7fe91aa6a000-7fe91acd5000 rw-p 00000000 00:00 0 
7fe91acd5000-7fe91acd6000 ---p 00000000 00:00 0 
7fe91acd6000-7fe91ae17000 rw-p 00000000 00:00 0 
7fe91ae17000-7fe91afd7000 ---p 00000000 00:00 0 
7fe91afd7000-7fe91afd8000 ---p 00000000 00:00 0 
7fe91afd8000-7fe91b0d9000 rw-p 00000000 00:00 0 
7fe91b0d9000-7fe91b0da000 ---p 00000000 00:00 0 
7fe91b0da000-7fe91b1db000 rw-p 00000000 00:00 0 
7fe91b1db000-7fe91b1df000 ---p 00000000 00:00 0 
7fe91b1df000-7fe91b2dc000 rw-p 00000000 00:00 0 
7fe91b2dc000-7fe91b2e0000 ---p 00000000 00:00 0 
7fe91b2e0000-7fe91b3dd000 rw-p 00000000 00:00 0 
7fe91b3dd000-7fe91b3e1000 ---p 00000000 00:00 0 
7fe91b3e1000-7fe91b4de000 rw-p 00000000 00:00 0 
7fe91b4de000-7fe91b4e2000 ---p 00000000 00:00 0 
7fe91b4e2000-7fe91b5df000 rw-p 00000000 00:00 0 
7fe91b5df000-7fe91b5e3000 ---p 00000000 00:00 0 
7fe91b5e3000-7fe91b6e0000 rw-p 00000000 00:00 0 
7fe91b6e0000-7fe91b6e4000 ---p 00000000 00:00 0 
7fe91b6e4000-7fe91b7e1000 rw-p 00000000 00:00 0 
7fe91b7e1000-7fe91b7e5000 ---p 00000000 00:00 0 
7fe91b7e5000-7fe91b8e2000 rw-p 00000000 00:00 0 
7fe91b8fd000-7fe91bafd000 rw-p 00000000 00:00 0 
7fe91bafd000-7fe91bb01000 ---p 00000000 00:00 0 
7fe91bb01000-7fe91bdfe000 rw-p 00000000 00:00 0 
7fe91bdfe000-7fe91be02000 ---p 00000000 00:00 0 
7fe91be02000-7fe91beff000 rw-p 00000000 00:00 0 
7fe91beff000-7fe91bf03000 ---p 00000000 00:00 0 
7fe91bf03000-7fe91c000000 rw-p 00000000 00:00 0 
7fe91c000000-7fe91c021000 rw-p 00000000 00:00 0 
7fe91c021000-7fe920000000 ---p 00000000 00:00 0 
7fe920000000-7fe920055000 rw-p 00000000 00:00 0 
7fe920055000-7fe924000000 ---p 00000000 00:00 0 
7fe924000000-7fe924021000 rw-p 00000000 00:00 0 
7fe924021000-7fe928000000 ---p 00000000 00:00 0 
7fe928000000-7fe928021000 rw-p 00000000 00:00 0 
7fe928021000-7fe92c000000 ---p 00000000 00:00 0 
7fe92c000000-7fe92c021000 rw-p 00000000 00:00 0 
7fe92c021000-7fe930000000 ---p 00000000 00:00 0 
7fe930000000-7fe930021000 rw-p 00000000 00:00 0 
7fe930021000-7fe934000000 ---p 00000000 00:00 0 
7fe934000000-7fe934021000 rw-p 00000000 00:00 0 
7fe934021000-7fe938000000 ---p 00000000 00:00 0 
7fe938000000-7fe938021000 rw-p 00000000 00:00 0 
7fe938021000-7fe93c000000 ---p 00000000 00:00 0 
7fe93c000000-7fe93c021000 rw-p 00000000 00:00 0 
7fe93c021000-7fe940000000 ---p 00000000 00:00 0 
7fe940000000-7fe940021000 rw-p 00000000 00:00 0 
7fe940021000-7fe944000000 ---p 00000000 00:00 0 
7fe944000000-7fe945468000 rw-p 00000000 00:00 0 
7fe945468000-7fe948000000 ---p 00000000 00:00 0 
7fe948000000-7fe9486c1000 rw-p 00000000 00:00 0 
7fe9486c1000-7fe94c000000 ---p 00000000 00:00 0 
7fe94c000000-7fe94c021000 rw-p 00000000 00:00 0 
7fe94c021000-7fe950000000 ---p 00000000 00:00 0 
7fe950000000-7fe950021000 rw-p 00000000 00:00 0 
7fe950021000-7fe954000000 ---p 00000000 00:00 0 
7fe954000000-7fe954021000 rw-p 00000000 00:00 0 
7fe954021000-7fe958000000 ---p 00000000 00:00 0 
7fe958000000-7fe958021000 rw-p 00000000 00:00 0 
7fe958021000-7fe95c000000 ---p 00000000 00:00 0 
7fe95c000000-7fe95c021000 rw-p 00000000 00:00 0 
7fe95c021000-7fe960000000 ---p 00000000 00:00 0 
7fe960000000-7fe9600fb000 rw-p 00000000 00:00 0 
7fe9600fb000-7fe964000000 ---p 00000000 00:00 0 
7fe964000000-7fe964021000 rw-p 00000000 00:00 0 
7fe964021000-7fe968000000 ---p 00000000 00:00 0 
7fe96807e000-7fe968082000 ---p 00000000 00:00 0 
7fe968082000-7fe96817f000 rw-p 00000000 00:00 0 
7fe96817f000-7fe968183000 ---p 00000000 00:00 0 
7fe968183000-7fe968280000 rw-p 00000000 00:00 0 
7fe968280000-7fe968282000 r-xp 00000000 08:01 1182463                    /usr/lib/jvm/adoptopenjdk-11-hotspot-amd64/lib/libextnet.so
7fe968282000-7fe968481000 ---p 00002000 08:01 1182463                    /usr/lib/jvm/adoptopenjdk-11-hotspot-amd64/lib/libextnet.so
7fe968481000-7fe968482000 r--p 00001000 08:01 1182463                    /usr/lib/jvm/adoptopenjdk-11-hotspot-amd64/lib/libextnet.so
7fe968482000-7fe968483000 rw-p 00002000 08:01 1182463                    /usr/lib/jvm/adoptopenjdk-11-hotspot-amd64/lib/libextnet.so
7fe968483000-7fe968683000 rw-p 00000000 00:00 0 
7fe968683000-7fe968687000 ---p 00000000 00:00 0 
7fe968687000-7fe968784000 rw-p 00000000 00:00 0 
7fe968784000-7fe968789000 r-xp 00000000 08:01 1182669                    /usr/lib/jvm/adoptopenjdk-11-hotspot-amd64/lib/libmanagement_ext.so
7fe968789000-7fe968988000 ---p 00005000 08:01 1182669                    /usr/lib/jvm/adoptopenjdk-11-hotspot-amd64/lib/libmanagement_ext.so
7fe968988000-7fe968989000 r--p 00004000 08:01 1182669                    /usr/lib/jvm/adoptopenjdk-11-hotspot-amd64/lib/libmanagement_ext.so
7fe968989000-7fe96898a000 rw-p 00005000 08:01 1182669                    /usr/lib/jvm/adoptopenjdk-11-hotspot-amd64/lib/libmanagement_ext.so
7fe96898a000-7fe96898e000 r-xp 00000000 08:01 1182461                    /usr/lib/jvm/adoptopenjdk-11-hotspot-amd64/lib/libmanagement.so
7fe96898e000-7fe968b8d000 ---p 00004000 08:01 1182461                    /usr/lib/jvm/adoptopenjdk-11-hotspot-amd64/lib/libmanagement.so
7fe968b8d000-7fe968b8e000 r--p 00003000 08:01 1182461                    /usr/lib/jvm/adoptopenjdk-11-hotspot-amd64/lib/libmanagement.so
7fe968b8e000-7fe968b8f000 rw-p 00004000 08:01 1182461                    /usr/lib/jvm/adoptopenjdk-11-hotspot-amd64/lib/libmanagement.so
7fe968b8f000-7fe968d8f000 rw-p 00000000 00:00 0 
7fe968d8f000-7fe968d90000 ---p 00000000 00:00 0 
7fe968d90000-7fe968e91000 rw-p 00000000 00:00 0 
7fe968e91000-7fe968e92000 ---p 00000000 00:00 0 
7fe968e92000-7fe968f93000 rw-p 00000000 00:00 0 
7fe968f93000-7fe968f94000 ---p 00000000 00:00 0 
7fe968f94000-7fe969095000 rw-p 00000000 00:00 0 
7fe969095000-7fe969096000 ---p 00000000 00:00 0 
7fe969096000-7fe969197000 rw-p 00000000 00:00 0 
7fe969197000-7fe969198000 ---p 00000000 00:00 0 
7fe969198000-7fe969499000 rw-p 00000000 00:00 0 
7fe969499000-7fe96952f000 r--p 00000000 08:01 1184681                    /usr/lib/x86_64-linux-gnu/libstdc++.so.6.0.28
7fe96952f000-7fe969620000 r-xp 00096000 08:01 1184681                    /usr/lib/x86_64-linux-gnu/libstdc++.so.6.0.28
7fe969620000-7fe969669000 r--p 00187000 08:01 1184681                    /usr/lib/x86_64-linux-gnu/libstdc++.so.6.0.28
7fe969669000-7fe96966a000 ---p 001d0000 08:01 1184681                    /usr/lib/x86_64-linux-gnu/libstdc++.so.6.0.28
7fe96966a000-7fe969675000 r--p 001d0000 08:01 1184681                    /usr/lib/x86_64-linux-gnu/libstdc++.so.6.0.28
7fe969675000-7fe969678000 rw-p 001db000 08:01 1184681                    /usr/lib/x86_64-linux-gnu/libstdc++.so.6.0.28
7fe969678000-7fe96967b000 rw-p 00000000 00:00 0 
7fe96967b000-7fe9696cc000 r-xp 00000000 08:01 717311                     /home/brad/.gradle/native/53dbd7edfb1c66fb8903c78663c9afc45aea4f116125fa6feffd364cf09443e8/linux-amd64/libnative-platform-file-events.so
7fe9696cc000-7fe9698cc000 ---p 00051000 08:01 717311                     /home/brad/.gradle/native/53dbd7edfb1c66fb8903c78663c9afc45aea4f116125fa6feffd364cf09443e8/linux-amd64/libnative-platform-file-events.so
7fe9698cc000-7fe9698cd000 r--p 00051000 08:01 717311                     /home/brad/.gradle/native/53dbd7edfb1c66fb8903c78663c9afc45aea4f116125fa6feffd364cf09443e8/linux-amd64/libnative-platform-file-events.so
7fe9698cd000-7fe9698cf000 rw-p 00052000 08:01 717311                     /home/brad/.gradle/native/53dbd7edfb1c66fb8903c78663c9afc45aea4f116125fa6feffd364cf09443e8/linux-amd64/libnative-platform-file-events.so
7fe9698cf000-7fe9698d4000 r-xp 00000000 08:01 717309                     /home/brad/.gradle/native/8bec1ad78214c89d9ad589b4d07fe93259594b29d510b10fafb7a158f7737e5d/linux-amd64/libnative-platform.so
7fe9698d4000-7fe969ad4000 ---p 00005000 08:01 717309                     /home/brad/.gradle/native/8bec1ad78214c89d9ad589b4d07fe93259594b29d510b10fafb7a158f7737e5d/linux-amd64/libnative-platform.so
7fe969ad4000-7fe969ad5000 r--p 00005000 08:01 717309                     /home/brad/.gradle/native/8bec1ad78214c89d9ad589b4d07fe93259594b29d510b10fafb7a158f7737e5d/linux-amd64/libnative-platform.so
7fe969ad5000-7fe969ad6000 rw-p 00006000 08:01 717309                     /home/brad/.gradle/native/8bec1ad78214c89d9ad589b4d07fe93259594b29d510b10fafb7a158f7737e5d/linux-amd64/libnative-platform.so
7fe969ad6000-7fe969aec000 r-xp 00000000 08:01 1182451                    /usr/lib/jvm/adoptopenjdk-11-hotspot-amd64/lib/libnet.so
7fe969aec000-7fe969ceb000 ---p 00016000 08:01 1182451                    /usr/lib/jvm/adoptopenjdk-11-hotspot-amd64/lib/libnet.so
7fe969ceb000-7fe969cec000 r--p 00015000 08:01 1182451                    /usr/lib/jvm/adoptopenjdk-11-hotspot-amd64/lib/libnet.so
7fe969cec000-7fe969ced000 rw-p 00016000 08:01 1182451                    /usr/lib/jvm/adoptopenjdk-11-hotspot-amd64/lib/libnet.so
7fe969ced000-7fe969cfc000 r-xp 00000000 08:01 1182440                    /usr/lib/jvm/adoptopenjdk-11-hotspot-amd64/lib/libnio.so
7fe969cfc000-7fe969efc000 ---p 0000f000 08:01 1182440                    /usr/lib/jvm/adoptopenjdk-11-hotspot-amd64/lib/libnio.so
7fe969efc000-7fe969efd000 r--p 0000f000 08:01 1182440                    /usr/lib/jvm/adoptopenjdk-11-hotspot-amd64/lib/libnio.so
7fe969efd000-7fe969efe000 rw-p 00010000 08:01 1182440                    /usr/lib/jvm/adoptopenjdk-11-hotspot-amd64/lib/libnio.so
7fe969efe000-7fe969eff000 ---p 00000000 00:00 0 
7fe969eff000-7fe96c000000 rw-p 00000000 00:00 0 
7fe96c000000-7fe96c021000 rw-p 00000000 00:00 0 
7fe96c021000-7fe970000000 ---p 00000000 00:00 0 
7fe970000000-7fe970021000 rw-p 00000000 00:00 0 
7fe970021000-7fe974000000 ---p 00000000 00:00 0 
7fe974000000-7fe9743e8000 rw-p 00000000 00:00 0 
7fe9743e8000-7fe976000000 ---p 00000000 00:00 0 
7fe976000000-7fe9763e8000 rw-p 00000000 00:00 0 
7fe9763e8000-7fe978000000 ---p 00000000 00:00 0 
7fe978000000-7fe978021000 rw-p 00000000 00:00 0 
7fe978021000-7fe97c000000 ---p 00000000 00:00 0 
7fe97c005000-7fe97c009000 ---p 00000000 00:00 0 
7fe97c009000-7fe97c106000 rw-p 00000000 00:00 0 
7fe97c106000-7fe97c10a000 ---p 00000000 00:00 0 
7fe97c10a000-7fe97c207000 rw-p 00000000 00:00 0 
7fe97c207000-7fe97c20b000 ---p 00000000 00:00 0 
7fe97c20b000-7fe97c308000 rw-p 00000000 00:00 0 
7fe97c308000-7fe97c878000 r--p 00000000 08:01 1181212                    /usr/lib/locale/locale-archive
7fe97c878000-7fe97cae8000 rwxp 00000000 00:00 0 
7fe97cae8000-7fe97ce09000 ---p 00000000 00:00 0 
7fe97ce09000-7fe97d139000 rwxp 00000000 00:00 0 
7fe97d139000-7fe984340000 ---p 00000000 00:00 0 
7fe984340000-7fe9845b0000 rwxp 00000000 00:00 0 
7fe9845b0000-7fe98b878000 ---p 00000000 00:00 0 
7fe98b878000-7fe994000000 r--s 00000000 08:01 1182458                    /usr/lib/jvm/adoptopenjdk-11-hotspot-amd64/lib/modules
7fe994000000-7fe99591b000 rw-p 00000000 00:00 0 
7fe99591b000-7fe998000000 ---p 00000000 00:00 0 
7fe99808f000-7fe998092000 r--p 00000000 08:01 1198655                    /usr/lib/x86_64-linux-gnu/libgcc_s.so.1
7fe998092000-7fe9980a4000 r-xp 00003000 08:01 1198655                    /usr/lib/x86_64-linux-gnu/libgcc_s.so.1
7fe9980a4000-7fe9980a8000 r--p 00015000 08:01 1198655                    /usr/lib/x86_64-linux-gnu/libgcc_s.so.1
7fe9980a8000-7fe9980a9000 r--p 00018000 08:01 1198655                    /usr/lib/x86_64-linux-gnu/libgcc_s.so.1
7fe9980a9000-7fe9980aa000 rw-p 00019000 08:01 1198655                    /usr/lib/x86_64-linux-gnu/libgcc_s.so.1
7fe9980ba000-7fe9980c1000 r--s 00000000 08:01 1718936                    /usr/lib/x86_64-linux-gnu/gconv/gconv-modules.cache
7fe9980c1000-7fe9980f2000 rw-p 00000000 00:00 0 
7fe9980f2000-7fe9980f6000 ---p 00000000 00:00 0 
7fe9980f6000-7fe9981f3000 rw-p 00000000 00:00 0 
7fe9981f3000-7fe9981f7000 ---p 00000000 00:00 0 
7fe9981f7000-7fe9982f4000 rw-p 00000000 00:00 0 
7fe9982f4000-7fe9982f8000 ---p 00000000 00:00 0 
7fe9982f8000-7fe9983f5000 rw-p 00000000 00:00 0 
7fe9983f5000-7fe9983f9000 ---p 00000000 00:00 0 
7fe9983f9000-7fe9984f6000 rw-p 00000000 00:00 0 
7fe9984f6000-7fe9984fa000 ---p 00000000 00:00 0 
7fe9984fa000-7fe9985f7000 rw-p 00000000 00:00 0 
7fe9985f7000-7fe9985f8000 ---p 00000000 00:00 0 
7fe9985f8000-7fe998ffd000 rw-p 00000000 00:00 0 
7fe998ffd000-7fe99903f000 rw-p 00000000 00:00 0 
7fe99903f000-7fe999040000 ---p 00000000 00:00 0 
7fe999040000-7fe999141000 rw-p 00000000 00:00 0 
7fe999141000-7fe999142000 ---p 00000000 00:00 0 
7fe999142000-7fe999a4b000 rw-p 00000000 00:00 0 
7fe999a4b000-7fe999a4c000 ---p 00000000 00:00 0 
7fe999a4c000-7fe999b4d000 rw-p 00000000 00:00 0 
7fe999b4d000-7fe999b4e000 ---p 00000000 00:00 0 
7fe999b4e000-7fe999d51000 rw-p 00000000 00:00 0 
7fe999d51000-7fe99a0d4000 ---p 00000000 00:00 0 
7fe99a0d4000-7fe99a151000 rw-p 00000000 00:00 0 
7fe99a151000-7fe99a4d4000 ---p 00000000 00:00 0 
7fe99a4d4000-7fe99a551000 rw-p 00000000 00:00 0 
7fe99a551000-7fe99a8d4000 ---p 00000000 00:00 0 
7fe99a8d4000-7fe99b0dc000 rw-p 00000000 00:00 0 
7fe99b0dc000-7fe99b0dd000 ---p 00000000 00:00 0 
7fe99b0dd000-7fe99b1e3000 rw-p 00000000 00:00 0 
7fe99b1e3000-7fe99b2c9000 ---p 00000000 00:00 0 
7fe99b2c9000-7fe99b2d0000 rw-p 00000000 00:00 0 
7fe99b2d0000-7fe99b3b4000 ---p 00000000 00:00 0 
7fe99b3b4000-7fe99b3b9000 rw-p 00000000 00:00 0 
7fe99b3b9000-7fe99b3c0000 ---p 00000000 00:00 0 
7fe99b3c0000-7fe99b3c7000 r-xp 00000000 08:01 1182443                    /usr/lib/jvm/adoptopenjdk-11-hotspot-amd64/lib/libzip.so
7fe99b3c7000-7fe99b5c6000 ---p 00007000 08:01 1182443                    /usr/lib/jvm/adoptopenjdk-11-hotspot-amd64/lib/libzip.so
7fe99b5c6000-7fe99b5c7000 r--p 00006000 08:01 1182443                    /usr/lib/jvm/adoptopenjdk-11-hotspot-amd64/lib/libzip.so
7fe99b5c7000-7fe99b5c8000 rw-p 00007000 08:01 1182443                    /usr/lib/jvm/adoptopenjdk-11-hotspot-amd64/lib/libzip.so
7fe99b5c8000-7fe99b5d0000 rw-s 00000000 08:01 3411268                    /tmp/hsperfdata_brad/117989
7fe99b5d0000-7fe99b5eb000 r-xp 00000000 08:01 1182473                    /usr/lib/jvm/adoptopenjdk-11-hotspot-amd64/lib/libjimage.so
7fe99b5eb000-7fe99b7eb000 ---p 0001b000 08:01 1182473                    /usr/lib/jvm/adoptopenjdk-11-hotspot-amd64/lib/libjimage.so
7fe99b7eb000-7fe99b7ed000 r--p 0001b000 08:01 1182473                    /usr/lib/jvm/adoptopenjdk-11-hotspot-amd64/lib/libjimage.so
7fe99b7ed000-7fe99b7ee000 rw-p 0001d000 08:01 1182473                    /usr/lib/jvm/adoptopenjdk-11-hotspot-amd64/lib/libjimage.so
7fe99b7ee000-7fe99b817000 r-xp 00000000 08:01 1182753                    /usr/lib/jvm/adoptopenjdk-11-hotspot-amd64/lib/libjava.so
7fe99b817000-7fe99ba16000 ---p 00029000 08:01 1182753                    /usr/lib/jvm/adoptopenjdk-11-hotspot-amd64/lib/libjava.so
7fe99ba16000-7fe99ba17000 r--p 00028000 08:01 1182753                    /usr/lib/jvm/adoptopenjdk-11-hotspot-amd64/lib/libjava.so
7fe99ba17000-7fe99ba18000 rw-p 00029000 08:01 1182753                    /usr/lib/jvm/adoptopenjdk-11-hotspot-amd64/lib/libjava.so
7fe99ba18000-7fe99ba19000 rw-p 00000000 00:00 0 
7fe99ba19000-7fe99ba26000 r-xp 00000000 08:01 1182449                    /usr/lib/jvm/adoptopenjdk-11-hotspot-amd64/lib/libverify.so
7fe99ba26000-7fe99bc25000 ---p 0000d000 08:01 1182449                    /usr/lib/jvm/adoptopenjdk-11-hotspot-amd64/lib/libverify.so
7fe99bc25000-7fe99bc27000 r--p 0000c000 08:01 1182449                    /usr/lib/jvm/adoptopenjdk-11-hotspot-amd64/lib/libverify.so
7fe99bc27000-7fe99bc28000 rw-p 0000e000 08:01 1182449                    /usr/lib/jvm/adoptopenjdk-11-hotspot-amd64/lib/libverify.so
7fe99bc28000-7fe99bc2b000 r--p 00000000 08:01 1198675                    /usr/lib/x86_64-linux-gnu/librt-2.31.so
7fe99bc2b000-7fe99bc2f000 r-xp 00003000 08:01 1198675                    /usr/lib/x86_64-linux-gnu/librt-2.31.so
7fe99bc2f000-7fe99bc30000 r--p 00007000 08:01 1198675                    /usr/lib/x86_64-linux-gnu/librt-2.31.so
7fe99bc30000-7fe99bc31000 ---p 00008000 08:01 1198675                    /usr/lib/x86_64-linux-gnu/librt-2.31.so
7fe99bc31000-7fe99bc32000 r--p 00008000 08:01 1198675                    /usr/lib/x86_64-linux-gnu/librt-2.31.so
7fe99bc32000-7fe99bc33000 rw-p 00009000 08:01 1198675                    /usr/lib/x86_64-linux-gnu/librt-2.31.so
7fe99bc33000-7fe99bc37000 ---p 00000000 00:00 0 
7fe99bc37000-7fe99bd34000 rw-p 00000000 00:00 0 
7fe99bd34000-7fe99bd43000 r--p 00000000 08:01 1198662                    /usr/lib/x86_64-linux-gnu/libm-2.31.so
7fe99bd43000-7fe99bdea000 r-xp 0000f000 08:01 1198662                    /usr/lib/x86_64-linux-gnu/libm-2.31.so
7fe99bdea000-7fe99be81000 r--p 000b6000 08:01 1198662                    /usr/lib/x86_64-linux-gnu/libm-2.31.so
7fe99be81000-7fe99be82000 r--p 0014c000 08:01 1198662                    /usr/lib/x86_64-linux-gnu/libm-2.31.so
7fe99be82000-7fe99be83000 rw-p 0014d000 08:01 1198662                    /usr/lib/x86_64-linux-gnu/libm-2.31.so
7fe99be83000-7fe99d0e0000 r-xp 00000000 08:01 1182468                    /usr/lib/jvm/adoptopenjdk-11-hotspot-amd64/lib/server/libjvm.so
7fe99d0e0000-7fe99d2df000 ---p 0125d000 08:01 1182468                    /usr/lib/jvm/adoptopenjdk-11-hotspot-amd64/lib/server/libjvm.so
7fe99d2df000-7fe99d3a2000 r--p 0125c000 08:01 1182468                    /usr/lib/jvm/adoptopenjdk-11-hotspot-amd64/lib/server/libjvm.so
7fe99d3a2000-7fe99d3dd000 rw-p 0131f000 08:01 1182468                    /usr/lib/jvm/adoptopenjdk-11-hotspot-amd64/lib/server/libjvm.so
7fe99d3dd000-7fe99d436000 rw-p 00000000 00:00 0 
7fe99d436000-7fe99d45b000 r--p 00000000 08:01 1198660                    /usr/lib/x86_64-linux-gnu/libc-2.31.so
7fe99d45b000-7fe99d5d3000 r-xp 00025000 08:01 1198660                    /usr/lib/x86_64-linux-gnu/libc-2.31.so
7fe99d5d3000-7fe99d61d000 r--p 0019d000 08:01 1198660                    /usr/lib/x86_64-linux-gnu/libc-2.31.so
7fe99d61d000-7fe99d61e000 ---p 001e7000 08:01 1198660                    /usr/lib/x86_64-linux-gnu/libc-2.31.so
7fe99d61e000-7fe99d621000 r--p 001e7000 08:01 1198660                    /usr/lib/x86_64-linux-gnu/libc-2.31.so
7fe99d621000-7fe99d624000 rw-p 001ea000 08:01 1198660                    /usr/lib/x86_64-linux-gnu/libc-2.31.so
7fe99d624000-7fe99d628000 rw-p 00000000 00:00 0 
7fe99d628000-7fe99d629000 r--p 00000000 08:01 1198661                    /usr/lib/x86_64-linux-gnu/libdl-2.31.so
7fe99d629000-7fe99d62b000 r-xp 00001000 08:01 1198661                    /usr/lib/x86_64-linux-gnu/libdl-2.31.so
7fe99d62b000-7fe99d62c000 r--p 00003000 08:01 1198661                    /usr/lib/x86_64-linux-gnu/libdl-2.31.so
7fe99d62c000-7fe99d62d000 r--p 00003000 08:01 1198661                    /usr/lib/x86_64-linux-gnu/libdl-2.31.so
7fe99d62d000-7fe99d62e000 rw-p 00004000 08:01 1198661                    /usr/lib/x86_64-linux-gnu/libdl-2.31.so
7fe99d62e000-7fe99d63e000 r-xp 00000000 08:01 1182445                    /usr/lib/jvm/adoptopenjdk-11-hotspot-amd64/lib/jli/libjli.so
7fe99d63e000-7fe99d83d000 ---p 00010000 08:01 1182445                    /usr/lib/jvm/adoptopenjdk-11-hotspot-amd64/lib/jli/libjli.so
7fe99d83d000-7fe99d83e000 r--p 0000f000 08:01 1182445                    /usr/lib/jvm/adoptopenjdk-11-hotspot-amd64/lib/jli/libjli.so
7fe99d83e000-7fe99d83f000 rw-p 00010000 08:01 1182445                    /usr/lib/jvm/adoptopenjdk-11-hotspot-amd64/lib/jli/libjli.so
7fe99d83f000-7fe99d846000 r--p 00000000 08:01 1198673                    /usr/lib/x86_64-linux-gnu/libpthread-2.31.so
7fe99d846000-7fe99d857000 r-xp 00007000 08:01 1198673                    /usr/lib/x86_64-linux-gnu/libpthread-2.31.so
7fe99d857000-7fe99d85c000 r--p 00018000 08:01 1198673                    /usr/lib/x86_64-linux-gnu/libpthread-2.31.so
7fe99d85c000-7fe99d85d000 r--p 0001c000 08:01 1198673                    /usr/lib/x86_64-linux-gnu/libpthread-2.31.so
7fe99d85d000-7fe99d85e000 rw-p 0001d000 08:01 1198673                    /usr/lib/x86_64-linux-gnu/libpthread-2.31.so
7fe99d85e000-7fe99d862000 rw-p 00000000 00:00 0 
7fe99d862000-7fe99d864000 r--p 00000000 08:01 1179793                    /usr/lib/x86_64-linux-gnu/libz.so.1.2.11
7fe99d864000-7fe99d875000 r-xp 00002000 08:01 1179793                    /usr/lib/x86_64-linux-gnu/libz.so.1.2.11
7fe99d875000-7fe99d87b000 r--p 00013000 08:01 1179793                    /usr/lib/x86_64-linux-gnu/libz.so.1.2.11
7fe99d87b000-7fe99d87c000 ---p 00019000 08:01 1179793                    /usr/lib/x86_64-linux-gnu/libz.so.1.2.11
7fe99d87c000-7fe99d87d000 r--p 00019000 08:01 1179793                    /usr/lib/x86_64-linux-gnu/libz.so.1.2.11
7fe99d87d000-7fe99d87e000 rw-p 0001a000 08:01 1179793                    /usr/lib/x86_64-linux-gnu/libz.so.1.2.11
7fe99d87f000-7fe99d882000 r--p 00000000 08:01 1198668                    /usr/lib/x86_64-linux-gnu/libnss_files-2.31.so
7fe99d882000-7fe99d889000 r-xp 00003000 08:01 1198668                    /usr/lib/x86_64-linux-gnu/libnss_files-2.31.so
7fe99d889000-7fe99d88b000 r--p 0000a000 08:01 1198668                    /usr/lib/x86_64-linux-gnu/libnss_files-2.31.so
7fe99d88b000-7fe99d88c000 r--p 0000b000 08:01 1198668                    /usr/lib/x86_64-linux-gnu/libnss_files-2.31.so
7fe99d88c000-7fe99d88d000 rw-p 0000c000 08:01 1198668                    /usr/lib/x86_64-linux-gnu/libnss_files-2.31.so
7fe99d88d000-7fe99d893000 rw-p 00000000 00:00 0 
7fe99d893000-7fe99d894000 ---p 00000000 00:00 0 
7fe99d894000-7fe99d895000 r--p 00000000 00:00 0 
7fe99d895000-7fe99d897000 rw-p 00000000 00:00 0 
7fe99d897000-7fe99d898000 r--p 00000000 08:01 1183364                    /usr/lib/x86_64-linux-gnu/ld-2.31.so
7fe99d898000-7fe99d8bb000 r-xp 00001000 08:01 1183364                    /usr/lib/x86_64-linux-gnu/ld-2.31.so
7fe99d8bb000-7fe99d8c3000 r--p 00024000 08:01 1183364                    /usr/lib/x86_64-linux-gnu/ld-2.31.so
7fe99d8c4000-7fe99d8c5000 r--p 0002c000 08:01 1183364                    /usr/lib/x86_64-linux-gnu/ld-2.31.so
7fe99d8c5000-7fe99d8c6000 rw-p 0002d000 08:01 1183364                    /usr/lib/x86_64-linux-gnu/ld-2.31.so
7fe99d8c6000-7fe99d8c7000 rw-p 00000000 00:00 0 
7ffcbfa63000-7ffcbfa84000 rw-p 00000000 00:00 0                          [stack]
7ffcbfbd7000-7ffcbfbda000 r--p 00000000 00:00 0                          [vvar]
7ffcbfbda000-7ffcbfbdb000 r-xp 00000000 00:00 0                          [vdso]
ffffffffff600000-ffffffffff601000 --xp 00000000 00:00 0                  [vsyscall]


VM Arguments:
jvm_args: --add-opens=java.base/java.util=ALL-UNNAMED --add-opens=java.base/java.lang=ALL-UNNAMED --add-opens=java.base/java.lang.invoke=ALL-UNNAMED --add-opens=java.base/java.util=ALL-UNNAMED --add-opens=java.prefs/java.util.prefs=ALL-UNNAMED --add-opens=java.prefs/java.util.prefs=ALL-UNNAMED --add-opens=java.base/java.nio.charset=ALL-UNNAMED --add-opens=java.base/java.net=ALL-UNNAMED --add-opens=java.base/java.util.concurrent.atomic=ALL-UNNAMED -Xmx2048m -Dfile.encoding=UTF-8 -Duser.country=US -Duser.language=en -Duser.variant 
java_command: org.gradle.launcher.daemon.bootstrap.GradleDaemon 7.0.2
java_class_path (initial): /home/brad/.gradle/wrapper/dists/gradle-7.0.2-bin/857tjihv64xamwrf0h14cai3r/gradle-7.0.2/lib/gradle-launcher-7.0.2.jar
Launcher Type: SUN_STANDARD

[Global flags]
     intx CICompilerCount                          = 4                                         {product} {ergonomic}
     uint ConcGCThreads                            = 2                                         {product} {ergonomic}
     uint G1ConcRefinementThreads                  = 8                                         {product} {ergonomic}
   size_t G1HeapRegionSize                         = 1048576                                   {product} {ergonomic}
    uintx GCDrainStackTargetSize                   = 64                                        {product} {ergonomic}
   size_t InitialHeapSize                          = 262144000                                 {product} {ergonomic}
   size_t MarkStackSize                            = 4194304                                   {product} {ergonomic}
   size_t MaxHeapSize                              = 2147483648                                {product} {command line}
   size_t MaxNewSize                               = 1287651328                                {product} {ergonomic}
   size_t MinHeapDeltaBytes                        = 1048576                                   {product} {ergonomic}
    uintx NonNMethodCodeHeapSize                   = 5836300                                {pd product} {ergonomic}
    uintx NonProfiledCodeHeapSize                  = 122910970                              {pd product} {ergonomic}
    uintx ProfiledCodeHeapSize                     = 122910970                              {pd product} {ergonomic}
    uintx ReservedCodeCacheSize                    = 251658240                              {pd product} {ergonomic}
     bool SegmentedCodeCache                       = true                                      {product} {ergonomic}
     bool UseCompressedClassPointers               = true                                 {lp64_product} {ergonomic}
     bool UseCompressedOops                        = true                                 {lp64_product} {ergonomic}
     bool UseG1GC                                  = true                                      {product} {ergonomic}

Logging:
Log output configuration:
 #0: stdout all=warning uptime,level,tags
 #1: stderr all=off uptime,level,tags

Environment Variables:
PATH=/usr/local/sbin:/usr/local/bin:/usr/sbin:/usr/bin:/sbin:/bin:/usr/games:/usr/local/games:/snap/bin:/home/brad/.dotnet/tools:/usr/lib/postgresql/11/bin
USERNAME=brad
SHELL=/bin/bash
DISPLAY=:1
LANG=en_US.UTF-8

Signal Handlers:
SIGSEGV: [libjvm.so+0xf35950], sa_mask[0]=11111111011111111101111111111110, sa_flags=SA_RESTART|SA_SIGINFO
SIGBUS: [libjvm.so+0xf35950], sa_mask[0]=11111111011111111101111111111110, sa_flags=SA_RESTART|SA_SIGINFO
SIGFPE: [libjvm.so+0xf35950], sa_mask[0]=11111111011111111101111111111110, sa_flags=SA_RESTART|SA_SIGINFO
SIGPIPE: [libjvm.so+0xc57d30], sa_mask[0]=11111111011111111101111111111110, sa_flags=SA_RESTART|SA_SIGINFO
SIGXFSZ: [libjvm.so+0xc57d30], sa_mask[0]=11111111011111111101111111111110, sa_flags=SA_RESTART|SA_SIGINFO
SIGILL: [libjvm.so+0xf35950], sa_mask[0]=11111111011111111101111111111110, sa_flags=SA_RESTART|SA_SIGINFO
SIGUSR2: [libjvm.so+0xc57bd0], sa_mask[0]=00100000000000000000000000000000, sa_flags=SA_RESTART|SA_SIGINFO
SIGHUP: SIG_IGN, sa_mask[0]=00000000000000000000000000000000, sa_flags=none
SIGINT: [libjvm.so+0xc57f30], sa_mask[0]=11111111011111111101111111111110, sa_flags=SA_RESTART|SA_SIGINFO
SIGTERM: [libjvm.so+0xc57f30], sa_mask[0]=11111111011111111101111111111110, sa_flags=SA_RESTART|SA_SIGINFO
SIGQUIT: [libjvm.so+0xc57f30], sa_mask[0]=11111111011111111101111111111110, sa_flags=SA_RESTART|SA_SIGINFO


---------------  S Y S T E M  ---------------

OS:DISTRIB_ID=Ubuntu
DISTRIB_RELEASE=20.04
DISTRIB_CODENAME=focal
DISTRIB_DESCRIPTION="Ubuntu 20.04.3 LTS"
uname:Linux 5.4.0-81-generic #91-Ubuntu SMP Thu Jul 15 19:09:17 UTC 2021 x86_64
OS uptime: 4 days 1:26 hours
libc:glibc 2.31 NPTL 2.31 
rlimit (soft/hard): STACK 8192k/infinity , CORE 0k/infinity , NPROC 63755/63755 , NOFILE 1048576/1048576 , AS infinity/infinity , CPU infinity/infinity , DATA infinity/infinity , FSIZE infinity/infinity , MEMLOCK 65536k/65536k
load average:0.58 0.63 0.62

/proc/meminfo:
MemTotal:       16380296 kB
MemFree:          168144 kB
MemAvailable:    1656248 kB
Buffers:          176796 kB
Cached:          1744184 kB
SwapCached:         3032 kB
Active:         13261220 kB
Inactive:        1999592 kB
Active(anon):   12188528 kB
Inactive(anon):  1457280 kB
Active(file):    1072692 kB
Inactive(file):   542312 kB
Unevictable:          64 kB
Mlocked:              64 kB
SwapTotal:       2097148 kB
SwapFree:        1991932 kB
Dirty:               652 kB
Writeback:             0 kB
AnonPages:      13335148 kB
Mapped:           826448 kB
Shmem:            312300 kB
KReclaimable:     209108 kB
Slab:             514432 kB
SReclaimable:     209108 kB
SUnreclaim:       305324 kB
KernelStack:       37040 kB
PageTables:       131408 kB
NFS_Unstable:          0 kB
Bounce:                0 kB
WritebackTmp:          0 kB
CommitLimit:    10287296 kB
Committed_AS:   41642432 kB
VmallocTotal:   34359738367 kB
VmallocUsed:       89064 kB
VmallocChunk:          0 kB
Percpu:             8896 kB
HardwareCorrupted:     0 kB
AnonHugePages:         0 kB
ShmemHugePages:        0 kB
ShmemPmdMapped:        0 kB
FileHugePages:         0 kB
FilePmdMapped:         0 kB
CmaTotal:              0 kB
CmaFree:               0 kB
HugePages_Total:       0
HugePages_Free:        0
HugePages_Rsvd:        0
HugePages_Surp:        0
Hugepagesize:       2048 kB
Hugetlb:               0 kB
DirectMap4k:      916992 kB
DirectMap2M:    15843328 kB

/sys/kernel/mm/transparent_hugepage/enabled:
always [madvise] never
/sys/kernel/mm/transparent_hugepage/defrag (defrag/compaction efforts parameter):
always defer defer+madvise [madvise] never

Process Memory:
Virtual Size: 6206876K (peak: 6206876K)
Resident Set Size: 216720K (peak: 216720K) (anon: 195448K, file: 21272K, shmem: 0K)
Swapped out: 0K
C-Heap outstanding allocations: 53258K

/proc/sys/kernel/threads-max (system-wide limit on the number of threads):
127511
/proc/sys/vm/max_map_count (maximum number of memory map areas a process may have):
65530
/proc/sys/kernel/pid_max (system-wide limit on number of process identifiers):
4194304

container (cgroup) information:
container_type: cgroupv1
cpu_cpuset_cpus: 0-7
cpu_memory_nodes: 0
active_processor_count: 8
cpu_quota: -1
cpu_period: 100000
cpu_shares: -1
memory_limit_in_bytes: -1
memory_and_swap_limit_in_bytes: -2
memory_soft_limit_in_bytes: -1
memory_usage_in_bytes: 15347572736
memory_max_usage_in_bytes: 15360270336

Steal ticks since vm start: 0
Steal ticks percentage since vm start:  0.000

CPU:total 8 (initial active 8) (4 cores per cpu, 2 threads per core) family 6 model 42 stepping 7 microcode 0x2f, cmov, cx8, fxsr, mmx, sse, sse2, sse3, ssse3, sse4.1, sse4.2, popcnt, avx, aes, clmul, ht, tsc, tscinvbit
CPU Model and flags from /proc/cpuinfo:
model name	: Intel(R) Core(TM) i7-2600K CPU @ 3.40GHz
flags		: fpu vme de pse tsc msr pae mce cx8 apic sep mtrr pge mca cmov pat pse36 clflush dts acpi mmx fxsr sse sse2 ht tm pbe syscall nx rdtscp lm constant_tsc arch_perfmon pebs bts rep_good nopl xtopology nonstop_tsc cpuid aperfmperf pni pclmulqdq dtes64 monitor ds_cpl vmx est tm2 ssse3 cx16 xtpr pdcm pcid sse4_1 sse4_2 popcnt tsc_deadline_timer aes xsave avx lahf_lm epb pti ssbd ibrs ibpb stibp tpr_shadow vnmi flexpriority ept vpid xsaveopt dtherm ida arat pln pts md_clear flush_l1d
Online cpus:
0-7
Offline cpus:

BIOS frequency limitation:
<Not Available>
Frequency switch latency (ns):
0
Available cpu frequencies:
<Not Available>
Current governor:
powersave
Core performance/turbo boost:
<Not Available>

Memory: 4k page, physical 16380296k(168144k free), swap 2097148k(1991932k free)

vm_info: OpenJDK 64-Bit Server VM (11.0.11+9) for linux-amd64 JRE (11.0.11+9), built on Apr 20 2021 21:14:10 by "" with gcc 7.5.0

END.
